Experiment empty
Running on manisha-HP-Pavilion-15-Notebook-PC
Starting at 2017-02-18T13:09:40.766648
Goal name Motion Plan Request 0
5 seconds per run
172.925 seconds spent to collect the data
6 planners
OMPL_LBKPIECEkConfigDefault
0 common properties
18 properties for each run
path_interpolate_clearance REAL
path_interpolate_correct BOOLEAN
path_interpolate_length REAL
path_interpolate_smoothness REAL
path_interpolate_time REAL
path_plan_clearance REAL
path_plan_correct BOOLEAN
path_plan_length REAL
path_plan_smoothness REAL
path_plan_time REAL
path_simplify_clearance REAL
path_simplify_correct BOOLEAN
path_simplify_length REAL
path_simplify_smoothness REAL
path_simplify_time REAL
process_time REAL
solved BOOLEAN
total_time REAL
30 runs
inf; 1; 6.123332226997789; 5.7924679685888326e-16; 3.4999999999999997e-05; inf; 1; 19.920228802988213; 8.3940160004685431; 0.23647699999999999; inf; 1; 6.1233322269977899; 0; 0.00014200000000000001; 0.00042568300000002054; 1; 0.23707968300000001; 
inf; 1; 6.1233322269977908; 1.3901923115566352e-15; 1.2e-05; inf; 1; 24.389573370837834; 8.9077328183434279; 0.35139399999999998; inf; 1; 6.1233322269977908; 0; 0.000202; 0.00023744600000002197; 1; 0.35184544600000001; 
inf; 1; 6.1233322269977908; 1.0812606893070435e-15; 9.0000000000000002e-06; inf; 1; 20.870683078321221; 6.7824950739456069; 0.32566499999999998; inf; 1; 6.1233322269977908; 0; 0.000144; 0.00021176900000004253; 1; 0.32602976900000002; 
inf; 1; 6.1233322269977908; 1.0812606893070435e-15; 1.1e-05; inf; 1; 67.355631735241346; 10.211771993408949; 0.37923200000000001; inf; 1; 6.1233322269977908; 0; 0.000126; 0.00024590299999998998; 1; 0.379614903; 
inf; 1; 6.1233322269977908; 1.0812606826302417e-15; 1.1e-05; inf; 1; 26.252903703497392; 5.6051775939632886; 0.30571300000000001; inf; 1; 6.1233322269977899; 0; 0.00015200000000000001; 0.00026304499999998601; 1; 0.306139045; 
inf; 1; 6.1233322269977899; 9.2679486746313725e-16; 1.2e-05; inf; 1; 44.952381685862598; 9.0710185149445568; 0.26369900000000002; inf; 1; 6.123332226997789; 0; 0.00014899999999999999; 0.00024982199999997736; 1; 0.26410982199999999; 
inf; 1; 6.1233322269977899; 1.0040277786149209e-15; 1.1e-05; inf; 1; 36.209257521961419; 6.2567439575198218; 0.29413099999999998; inf; 1; 6.1233322269977908; 0; 0.00012899999999999999; 0.00020388900000004165; 1; 0.29447488900000002; 
inf; 1; 6.1233322269977908; 1.3901923115566352e-15; 1.1e-05; inf; 1; 10.166382894533756; 5.1972926078031039; 0.25033100000000003; inf; 1; 6.1233322269977908; 0; 0.00015300000000000001; 0.00020475899999999628; 1; 0.25069975900000002; 
inf; 1; 6.1233322269977908; 1.3901923115566352e-15; 1.2e-05; inf; 1; 21.087504499426935; 5.2830031832382174; 0.28841; inf; 1; 6.1233322269977908; 0; 0.00011900000000000001; 0.00021938700000000754; 1; 0.28876038700000001; 
inf; 1; 6.1233322269977899; 7.3371261012047431e-16; 7.9999999999999996e-06; inf; 1; 105.4177989748993; 8.2277734579307875; 0.57886599999999999; inf; 1; 6.1233322269977899; 0; 0.00011900000000000001; 0.00022848100000004632; 1; 0.57922148100000004; 
inf; 1; 6.1233322269977908; 1.3901923115566352e-15; 1.2e-05; inf; 1; 15.484152485650348; 3.8556740916084959; 0.22315299999999999; inf; 1; 6.1233322269977908; 0; 0.00013200000000000001; 0.00023236000000002001; 1; 0.22352936000000001; 
inf; 1; 6.1233322269977908; 1.0812606893070435e-15; 1.2e-05; inf; 1; 21.494303082670033; 6.0514581016760509; 0.29625200000000002; inf; 1; 6.1233322269977908; 0; 0.00013799999999999999; 0.00022051199999998953; 1; 0.296622512; 
inf; 1; 6.1233322269977908; 1.0812606893070435e-15; 1.1e-05; inf; 1; 59.096185108638494; 7.7832679887886842; 0.441529; inf; 1; 6.1233322269977908; 0; 0.000144; 0.00025962100000000388; 1; 0.44194362100000001; 
inf; 1; 6.1233322269977908; 1.0812606893070435e-15; 1.2999999999999999e-05; inf; 1; 20.996541064144097; 3.1744609163076523; 0.341721; inf; 1; 6.1233322269977908; 0; 0.000156; 0.00023317600000003185; 1; 0.34212317600000003; 
inf; 1; 6.1233322269977899; 1.0040277786149209e-15; 7.9999999999999996e-06; inf; 1; 34.631737141102491; 5.8405003471020951; 0.37687500000000002; inf; 1; 6.1233322269977908; 0; 0.00012400000000000001; 0.00018658800000000852; 1; 0.37719358800000002; 
inf; 1; 6.1233322269977908; 1.0812606893070435e-15; 7.9999999999999996e-06; inf; 1; 16.705492052660738; 5.6391685872888058; 0.30794500000000002; inf; 1; 6.1233322269977908; 0; 0.00017699999999999999; 0.00020378799999997327; 1; 0.308333788; 
inf; 1; 6.1233322269977899; 7.3371261012047431e-16; 1.2e-05; inf; 1; 35.960782600597895; 6.6154000645845841; 0.41439900000000002; inf; 1; 6.1233322269977899; 0; 0.000154; 0.00024809900000000108; 1; 0.41481309900000002; 
inf; 1; 6.1233322269977899; 7.3371261012047431e-16; 1.2e-05; inf; 1; 18.282256418398486; 9.9652411612384135; 0.34624899999999997; inf; 1; 6.1233322269977899; 0; 0.00014100000000000001; 0.00020738600000004583; 1; 0.34660938600000002; 
inf; 1; 6.1233322269977899; 7.3371261012047431e-16; 1.0000000000000001e-05; inf; 1; 80.832534338610301; 7.9483682370243605; 0.400308; inf; 1; 6.1233322269977899; 0; 0.000164; 0.0002506800000000106; 1; 0.40073268000000001; 
inf; 1; 6.1233322269977908; 1.0812606893070435e-15; 1.2e-05; inf; 1; 60.807947019875208; 9.8368669009495573; 0.38155099999999997; inf; 1; 6.1233322269977908; 0; 0.000117; 0.00031636500000003083; 1; 0.381996365; 
inf; 1; 6.1233322269977899; 7.3371261012047431e-16; 1.2e-05; inf; 1; 81.56253366859012; 7.2940383802685052; 0.51122199999999995; inf; 1; 6.1233322269977899; 0; 0.000135; 0.00030910600000012264; 1; 0.51167810600000008; 
inf; 1; 6.1233322269977899; 7.3371261012047431e-16; 1.1e-05; inf; 1; 109.40430406786112; 10.674797263891397; 0.429197; inf; 1; 6.1233322269977899; 0; 0.000136; 0.00031054500000005916; 1; 0.42965454500000005; 
inf; 1; 6.1233322269977899; 7.3371261012047431e-16; 1.4e-05; inf; 1; 21.087051397524604; 7.2219314179727814; 0.37870700000000002; inf; 1; 6.1233322269977899; 0; 0.00014200000000000001; 0.00021994400000001693; 1; 0.37908294400000003; 
inf; 1; 6.1233322269977899; 7.3371261012047431e-16; 1.1e-05; inf; 1; 159.34067459916849; 8.5195959452387342; 0.53925100000000004; inf; 1; 6.1233322269977899; 0; 0.00013100000000000001; 0.00033891100000002825; 1; 0.53973191100000006; 
inf; 1; 6.1233322269977899; 7.3371261012047431e-16; 6.9999999999999999e-06; inf; 1; 39.171491643157047; 11.144870652562133; 0.43905899999999998; inf; 1; 6.1233322269977899; 0; 0.000122; 0.00020157500000005514; 1; 0.43938957500000003; 
inf; 1; 6.123332226997789; 5.7924679685888326e-16; 9.0000000000000002e-06; inf; 1; 12.400016545304396; 7.8310433302924771; 0.22120500000000001; inf; 1; 6.1233322269977899; 0; 0.000127; 0.00019026599999999173; 1; 0.221531266; 
inf; 1; 6.1233322269977908; 1.3901923115566352e-15; 1.2999999999999999e-05; inf; 1; 15.74185993469926; 2.7672537967486073; 0.188802; inf; 1; 6.1233322269977908; 0; 0.00018599999999999999; 0.00025172300000001402; 1; 0.18925272300000001; 
inf; 1; 6.1233322269977899; 1.0040277786149209e-15; 1.2999999999999999e-05; inf; 1; 26.495838144889287; 5.9631229245381308; 0.31215700000000002; inf; 1; 6.1233322269977908; 0; 0.00016699999999999999; 0.00026244199999998736; 1; 0.31259944200000001; 
inf; 1; 6.1233322269977908; 1.0812606893070435e-15; 1.2999999999999999e-05; inf; 1; 40.505353848972234; 7.1162793937716522; 0.46961399999999998; inf; 1; 6.1233322269977908; 0; 0.000154; 0.0002784370000000485; 1; 0.47005943700000002; 
inf; 1; 6.1233322269977908; 1.0812606826302417e-15; 7.9999999999999996e-06; inf; 1; 51.038765187677754; 5.7541850760219262; 0.28090399999999999; inf; 1; 6.1233322269977899; 0; 0.00012799999999999999; 0.000206856000000058; 1; 0.28124685600000005; 
.
OMPL_KPIECEkConfigDefault
0 common properties
18 properties for each run
path_interpolate_clearance REAL
path_interpolate_correct BOOLEAN
path_interpolate_length REAL
path_interpolate_smoothness REAL
path_interpolate_time REAL
path_plan_clearance REAL
path_plan_correct BOOLEAN
path_plan_length REAL
path_plan_smoothness REAL
path_plan_time REAL
path_simplify_clearance REAL
path_simplify_correct BOOLEAN
path_simplify_length REAL
path_simplify_smoothness REAL
path_simplify_time REAL
process_time REAL
solved BOOLEAN
total_time REAL
30 runs
inf; 1; 6.123332226997789; 1.0426442328301266e-15; 9.0000000000000002e-06; inf; 1; 10.543879115585305; 5.3198781449955801; 0.062456999999999999; inf; 1; 6.1233322269977908; 0; 0.00015200000000000001; 0.00017375200000000759; 1; 0.062791752000000006; 
inf; 1; 6.1233322269977908; 1.2743429448084521e-15; 1.2999999999999999e-05; inf; 1; 6.1233322269977899; 0; 0.028369999999999999; inf; 1; 6.1233322269977899; 0; 3.0000000000000001e-06; 0.00016902800000000376; 1; 0.028555028000000003; 
inf; 1; 6.123332226997789; 7.337126102037517e-16; 1.2e-05; inf; 1; 6.123332226997789; 0; 0.015869999999999999; inf; 1; 6.123332226997789; 0; 3.9999999999999998e-06; 0.00016144400000000231; 1; 0.016047444000000001; 
inf; 1; 6.1233322269977908; 1.2743429448084521e-15; 1.5999999999999999e-05; inf; 1; 6.1233322269977899; 0; 0.026646; inf; 1; 6.1233322269977899; 0; 5.0000000000000004e-06; 0.00019419400000000186; 1; 0.026861194000000001; 
inf; 1; 6.123332226997789; 7.337126102037517e-16; 1.4e-05; inf; 1; 6.123332226997789; 0; 0.027799000000000001; inf; 1; 6.123332226997789; 0; 1.2e-05; 0.00039213200000000158; 1; 0.028217132000000002; 
inf; 1; 6.123332226997789; 7.337126102037517e-16; 1.5e-05; inf; 1; 6.123332226997789; 0; 0.031745000000000002; inf; 1; 6.123332226997789; 0; 3.9999999999999998e-06; 0.00037919900000000188; 1; 0.032143199000000004; 
inf; 1; 6.1233322269977899; 9.2679487361718632e-16; 1.2999999999999999e-05; inf; 1; 6.1233322269977908; 0; 0.027744000000000001; inf; 1; 6.1233322269977908; 0; 3.9999999999999998e-06; 0.00017158400000000208; 1; 0.027932584000000003; 
inf; 1; 6.1233322269977881; 6.9509615577831758e-16; 3.8999999999999999e-05; inf; 1; 11.070991381725948; 5.2218187732771231; 0.057523999999999999; inf; 1; 6.1233322269977899; 0; 0.000231; 0.00067955400000000528; 1; 0.058473554000000004; 
inf; 1; 6.123332226997789; 7.337126102037517e-16; 7.9999999999999996e-06; inf; 1; 6.123332226997789; 0; 0.016275000000000001; inf; 1; 6.123332226997789; 0; 1.9999999999999999e-06; 0.0001714680000000006; 1; 0.016456468000000002; 
inf; 1; 6.123332226997789; 7.337126102037517e-16; 1.4e-05; inf; 1; 6.123332226997789; 0; 0.040296999999999999; inf; 1; 6.123332226997789; 0; 3.9999999999999998e-06; 0.00019775600000000447; 1; 0.040512756000000004; 
inf; 1; 6.1233322269977908; 7.3371260187126876e-16; 1.0000000000000001e-05; inf; 1; 10.057933569680994; 4.7583556658484154; 0.033958000000000002; inf; 1; 6.123332226997789; 0; 0.000115; 0.00017303400000000257; 1; 0.034256034000000005; 
inf; 1; 6.1233322269977908; 9.2679487596217496e-16; 9.0000000000000002e-06; inf; 1; 6.1233322269977899; 0; 0.014564000000000001; inf; 1; 6.1233322269977899; 0; 1.9999999999999999e-06; 0.00013990900000000116; 1; 0.014714909000000002; 
inf; 1; 6.123332226997789; 8.1094551478102928e-16; 1.2e-05; inf; 1; 11.543024561435267; 5.6129148934919284; 0.052989000000000001; inf; 1; 6.1233322269977899; 0; 0.00014100000000000001; 0.00020562700000000025; 1; 0.053347627000000002; 
inf; 1; 6.1233322269977908; 9.2679487596217496e-16; 9.0000000000000002e-06; inf; 1; 6.1233322269977899; 0; 0.084330000000000002; inf; 1; 6.1233322269977899; 0; 3.0000000000000001e-06; 0.00015461099999999707; 1; 0.084496610999999999; 
inf; 1; 6.1233322269977908; 1.2743429534344412e-15; 1.1e-05; inf; 1; 6.1233322269977899; 0; 0.035193000000000002; inf; 1; 6.1233322269977899; 0; 1.9999999999999999e-06; 0.00016345699999999793; 1; 0.035369457; 
inf; 1; 6.1233322269977881; 6.9509615577831758e-16; 1.2e-05; inf; 1; 8.0741013068370826; 2.7619429676409077; 0.026745999999999999; inf; 1; 6.1233322269977899; 0; 9.6000000000000002e-05; 0.00019314500000000266; 1; 0.027047145000000002; 
inf; 1; 6.1233322269977908; 8.4956196912318602e-16; 1.1e-05; inf; 1; 11.690777302251856; 5.6551069083925016; 0.084338999999999997; inf; 1; 6.1233322269977908; 0; 0.000121; 0.00019038900000000624; 1; 0.084661389000000004; 
inf; 1; 6.1233322269977908; 1.2743429534344412e-15; 1.7e-05; inf; 1; 6.1233322269977899; 0; 0.069958000000000006; inf; 1; 6.1233322269977899; 0; 3.0000000000000001e-06; 0.00023471100000000466; 1; 0.070212711000000011; 
inf; 1; 6.123332226997789; 7.337126102037517e-16; 1.4e-05; inf; 1; 6.123332226997789; 0; 0.057993999999999997; inf; 1; 6.123332226997789; 0; 5.0000000000000004e-06; 0.00020603100000000747; 1; 0.058219031000000004; 
inf; 1; 6.1233322269977881; 6.9509615577831758e-16; 7.9999999999999996e-06; inf; 1; 18.02019728471344; 10.479803169074621; 0.059700000000000003; inf; 1; 6.1233322269977899; 0; 0.000113; 0.00015381000000000035; 1; 0.059974810000000003; 
inf; 1; 6.1233322269977908; 1.2743429534344412e-15; 1.2999999999999999e-05; inf; 1; 6.1233322269977899; 0; 0.064958000000000002; inf; 1; 6.1233322269977899; 0; 3.9999999999999998e-06; 0.00020560400000000127; 1; 0.065180604000000003; 
inf; 1; 6.1233322269977899; 9.2679487361718632e-16; 1.2e-05; inf; 1; 6.1233322269977908; 0; 0.038040999999999998; inf; 1; 6.1233322269977908; 0; 3.9999999999999998e-06; 0.00021807700000000616; 1; 0.038275077000000005; 
inf; 1; 6.123332226997789; 7.337126102037517e-16; 1.2999999999999999e-05; inf; 1; 6.123332226997789; 0; 0.035998000000000002; inf; 1; 6.123332226997789; 0; 3.9999999999999998e-06; 0.00020579599999999735; 1; 0.036220796; 
inf; 1; 6.123332226997789; 7.337126102037517e-16; 1.2999999999999999e-05; inf; 1; 6.123332226997789; 0; 0.039419999999999997; inf; 1; 6.123332226997789; 0; 3.9999999999999998e-06; 0.00020753200000000647; 1; 0.039644532000000003; 
inf; 1; 6.123332226997789; 7.337126102037517e-16; 1.2e-05; inf; 1; 6.123332226997789; 0; 0.031553999999999999; inf; 1; 6.123332226997789; 0; 3.9999999999999998e-06; 0.00018644600000000198; 1; 0.031756446000000001; 
inf; 1; 6.123332226997789; 7.337126102037517e-16; 6.9999999999999999e-06; inf; 1; 6.123332226997789; 0; 0.032037999999999997; inf; 1; 6.123332226997789; 0; 3.0000000000000001e-06; 0.00015178100000000667; 1; 0.032199781000000004; 
inf; 1; 6.1233322269977908; 9.2679487596217496e-16; 1.2999999999999999e-05; inf; 1; 6.1233322269977899; 0; 0.051762000000000002; inf; 1; 6.1233322269977899; 0; 3.9999999999999998e-06; 0.00022383500000000176; 1; 0.052002835000000004; 
inf; 1; 6.1233322269977908; 1.2743429534344412e-15; 9.0000000000000002e-06; inf; 1; 6.1233322269977899; 0; 0.029874999999999999; inf; 1; 6.1233322269977899; 0; 3.0000000000000001e-06; 0.0001441090000000015; 1; 0.030031109; 
inf; 1; 6.1233322269977908; 9.2679487596217496e-16; 7.4999999999999993e-05; inf; 1; 6.1233322269977899; 0; 0.02512; inf; 1; 6.1233322269977899; 0; 1.0000000000000001e-05; 0.00040111100000000087; 1; 0.025606111000000001; 
inf; 1; 6.1233322269977908; 7.3371260187126876e-16; 6.9999999999999999e-06; inf; 1; 9.1632062293773284; 3.7712554528947386; 0.038876000000000001; inf; 1; 6.123332226997789; 0; 0.00012; 0.00015339300000000378; 1; 0.039156393000000005; 
.
OMPL_RRTConnectkConfigDefault
0 common properties
18 properties for each run
path_interpolate_clearance REAL
path_interpolate_correct BOOLEAN
path_interpolate_length REAL
path_interpolate_smoothness REAL
path_interpolate_time REAL
path_plan_clearance REAL
path_plan_correct BOOLEAN
path_plan_length REAL
path_plan_smoothness REAL
path_plan_time REAL
path_simplify_clearance REAL
path_simplify_correct BOOLEAN
path_simplify_length REAL
path_simplify_smoothness REAL
path_simplify_time REAL
process_time REAL
solved BOOLEAN
total_time REAL
30 runs
inf; 1; 6.123332226997789; 1.042644226759355e-15; 1.5999999999999999e-05; inf; 1; 9.3526877101309189; 4.2924208106467212; 0.014112; inf; 1; 6.1233322269977908; 0; 0.000231; 0.00042052600000000163; 1; 0.014779526000000001; 
inf; 1; 6.123332226997789; 9.2679487138052998e-16; 1.7e-05; inf; 1; 10.261509738790052; 4.6334608458428477; 0.003359; inf; 1; 6.1233322269977899; 0; 0.00031500000000000001; 0.00037813799999999992; 1; 0.0040691379999999999; 
inf; 1; 6.1233322269977899; 6.9509615577831758e-16; 9.0000000000000002e-06; inf; 1; 10.565832812450907; 3.2203154476906262; 0.004078; inf; 1; 6.1233322269977899; 0; 0.000113; 0.00017314400000000067; 1; 0.0043731440000000007; 
inf; 1; 6.123332226997789; 1.0812606872555606e-15; 1.0000000000000001e-05; inf; 1; 8.4921849504825158; 3.3858058213102318; 0.0028449999999999999; inf; 1; 6.1233322269977908; 0; 0.00011; 0.00014535900000000015; 1; 0.003110359; 
inf; 1; 6.1233322269977899; 6.9509615577831758e-16; 6.0000000000000002e-06; inf; 1; 9.4114615297201532; 4.0530126624328835; 0.0027850000000000001; inf; 1; 6.1233322269977899; 0; 0.000108; 0.00014031299999999993; 1; 0.0030393130000000001; 
inf; 1; 6.123332226997789; 1.0812606872555606e-15; 6.9999999999999999e-06; inf; 1; 9.5808687499550444; 4.1700148217379516; 0.0035119999999999999; inf; 1; 6.1233322269977908; 0; 0.000107; 0.00012417700000000043; 1; 0.0037501770000000004; 
inf; 1; 6.1233322269977899; 9.6541132607441495e-16; 6.9999999999999999e-06; inf; 1; 8.6219500376259433; 3.3682027547520672; 0.0026350000000000002; inf; 1; 6.1233322269977908; 0; 0.000103; 0.00013384700000000014; 1; 0.0028788470000000004; 
inf; 1; 6.1233322269977908; 1.2357264944027062e-15; 1.0000000000000001e-05; inf; 1; 9.6682206158121673; 4.22996353650207; 0.0045989999999999998; inf; 1; 6.1233322269977908; 0; 0.000118; 0.00017150200000000011; 1; 0.0048985019999999999; 
inf; 1; 6.1233322269977908; 1.2357264944027062e-15; 1.4e-05; inf; 1; 9.1410599838070663; 3.8635317216160203; 0.004444; inf; 1; 6.1233322269977908; 0; 0.000115; 0.00022879300000000036; 1; 0.0048017930000000004; 
inf; 1; 6.1233322269977899; 6.9509615577831758e-16; 5.0000000000000004e-06; inf; 1; 8.8025734829252933; 3.4573441860262708; 0.00265; inf; 1; 6.1233322269977899; 0; 0.000106; 0.00012369200000000031; 1; 0.0028846920000000003; 
inf; 1; 6.1233322269977908; 1.5446581188307319e-15; 6.0000000000000002e-06; inf; 1; 10.284652215963726; 4.6491526086663564; 0.0032820000000000002; inf; 1; 6.1233322269977908; 0; 0.000106; 0.00012709700000000017; 1; 0.0035210970000000004; 
inf; 1; 6.1233322269977899; 6.9509615577831758e-16; 6.0000000000000002e-06; inf; 1; 8.2052160586638649; 3.1185330714979691; 0.0025639999999999999; inf; 1; 6.1233322269977899; 0; 0.000103; 0.00012576300000000023; 1; 0.0027987630000000001; 
inf; 1; 6.1233322269977899; 9.6541132607441495e-16; 1.2e-05; inf; 1; 10.955965726411346; 4.6056532451936842; 0.010495000000000001; inf; 1; 6.1233322269977908; 0; 0.00018200000000000001; 0.00020851199999999897; 1; 0.010897512; 
inf; 1; 6.1233322269977908; 1.2357264944027062e-15; 1.4e-05; inf; 1; 10.544949374833497; 8.737304108654353; 0.0037799999999999999; inf; 1; 6.1233322269977908; 0; 0.00016699999999999999; 0.00027510099999999998; 1; 0.0042361009999999999; 
inf; 1; 6.1233322269977899; 9.6541132607441495e-16; 6.9999999999999999e-06; inf; 1; 10.551316129320728; 4.8302019210987686; 0.0040140000000000002; inf; 1; 6.1233322269977908; 0; 0.000107; 0.00017266800000000033; 1; 0.0043006680000000005; 
inf; 1; 6.1233322269977899; 9.6541132607441495e-16; 6.0000000000000002e-06; inf; 1; 9.4992805514141789; 4.0692921039911978; 0.0027409999999999999; inf; 1; 6.1233322269977908; 0; 0.000106; 0.00014597100000000006; 1; 0.002998971; 
inf; 1; 6.123332226997789; 1.0812606872555606e-15; 7.9999999999999996e-06; inf; 1; 8.890765746432006; 2.8988546580904853; 0.002777; inf; 1; 6.1233322269977908; 0; 0.000112; 0.00013947400000000041; 1; 0.0030364740000000004; 
inf; 1; 6.123332226997789; 1.0812606872555606e-15; 6.0000000000000002e-06; inf; 1; 7.9998176242429366; 2.9847268090349028; 0.0032309999999999999; inf; 1; 6.1233322269977908; 0; 0.000105; 0.00012905500000000029; 1; 0.0034710550000000002; 
inf; 1; 6.1233322269977908; 8.881784152161372e-16; 1.8e-05; inf; 1; 10.067300062891286; 4.5017654477249627; 0.0082050000000000005; inf; 1; 6.1233322269977899; 0; 0.000137; 0.00026316599999999936; 1; 0.0086231659999999998; 
inf; 1; 6.1233322269977899; 7.7232906106955817e-16; 3.1999999999999999e-05; inf; 1; 10.326627355689066; 4.6776181349936907; 0.0048700000000000002; inf; 1; 6.1233322269977908; 0; 0.00024699999999999999; 0.00042042400000000057; 1; 0.0055694240000000008; 
inf; 1; 6.123332226997789; 1.0812606872555606e-15; 1.0000000000000001e-05; inf; 1; 7.0924511468641187; 1.6000069889350685; 0.0029729999999999999; inf; 1; 6.1233322269977908; 0; 0.000112; 0.00017469400000000011; 1; 0.0032696940000000001; 
inf; 1; 6.1233322269977899; 9.6541132607441495e-16; 6.9999999999999999e-06; inf; 1; 8.9637445561915605; 3.7368283883826297; 0.002627; inf; 1; 6.1233322269977908; 0; 0.000106; 0.00013164300000000011; 1; 0.0028716430000000001; 
inf; 1; 6.1233322269977908; 6.9509615598854615e-16; 6.9999999999999999e-06; inf; 1; 11.464576638904637; 5.5458205557752391; 0.003176; inf; 1; 6.123332226997789; 0; 0.000111; 0.00014394100000000035; 1; 0.0034379410000000003; 
inf; 1; 6.123332226997789; 1.0812606872555606e-15; 1.1e-05; inf; 1; 11.785667682001424; 4.9669485893582888; 0.0063290000000000004; inf; 1; 6.1233322269977908; 0; 0.00021599999999999999; 0.00021749200000000034; 1; 0.0067734920000000007; 
inf; 1; 6.123332226997789; 1.042644226759355e-15; 1.0000000000000001e-05; inf; 1; 7.7913416037879921; 2.6241426230696834; 0.0047019999999999996; inf; 1; 6.1233322269977908; 0; 0.000118; 0.00014508900000000067; 1; 0.0049750890000000002; 
inf; 1; 6.1233322269977908; 6.9509615598854615e-16; 1.0000000000000001e-05; inf; 1; 9.144066112498848; 3.8656610175658135; 0.0047190000000000001; inf; 1; 6.123332226997789; 0; 0.00014799999999999999; 0.00019875500000000027; 1; 0.0050757550000000004; 
inf; 1; 6.1233322269977908; 8.881784152161372e-16; 6.0000000000000002e-06; inf; 1; 9.3018556425868972; 3.8775892582027427; 0.0025240000000000002; inf; 1; 6.1233322269977899; 0; 0.000103; 0.00012646799999999994; 1; 0.0027594680000000002; 
inf; 1; 6.1233322269977908; 6.9509615598854615e-16; 6.0000000000000002e-06; inf; 1; 9.7431924279993396; 4.2812496454490683; 0.003434; inf; 1; 6.123332226997789; 0; 0.00010399999999999999; 0.00012952500000000042; 1; 0.0036735250000000004; 
inf; 1; 6.1233322269977899; 7.7232906106955817e-16; 6.9999999999999999e-06; inf; 1; 11.432864595169775; 3.9044089557449695; 0.0029260000000000002; inf; 1; 6.1233322269977908; 0; 0.000107; 0.00013731600000000012; 1; 0.0031773160000000003; 
inf; 1; 6.123332226997789; 1.042644226759355e-15; 9.0000000000000002e-06; inf; 1; 11.28764996941814; 2.2411676559528231; 0.0084950000000000008; inf; 1; 6.1233322269977908; 0; 0.000145; 0.0001848890000000002; 1; 0.008833889000000001; 
.
OMPL_RRTkConfigDefault
0 common properties
18 properties for each run
path_interpolate_clearance REAL
path_interpolate_correct BOOLEAN
path_interpolate_length REAL
path_interpolate_smoothness REAL
path_interpolate_time REAL
path_plan_clearance REAL
path_plan_correct BOOLEAN
path_plan_length REAL
path_plan_smoothness REAL
path_plan_time REAL
path_simplify_clearance REAL
path_simplify_correct BOOLEAN
path_simplify_length REAL
path_simplify_smoothness REAL
path_simplify_time REAL
process_time REAL
solved BOOLEAN
total_time REAL
30 runs
inf; 1; 6.1233322269977908; 9.6541132362752994e-16; 1.2e-05; inf; 1; 6.1233322269977899; 3.8487731459850252e-15; 0.02861; inf; 1; 6.123332226997789; 0; 0.00012300000000000001; 0.00021989000000000006; 1; 0.02896489; 
inf; 1; 6.1233322269977881; 1.0040277784046924e-15; 1.2e-05; inf; 1; 6.123332226997789; 0; 0.016742; inf; 1; 6.123332226997789; 0; 0.00011; 0.00015583300000000162; 1; 0.017019833000000002; 
inf; 1; 6.1233322269977881; 1.0040277784046924e-15; 1.0000000000000001e-05; inf; 1; 6.123332226997789; 0; 0.018978999999999999; inf; 1; 6.123332226997789; 0; 0.000111; 0.00017112000000000336; 1; 0.019271120000000003; 
inf; 1; 6.1233322269977899; 7.7232906253402923e-16; 7.9999999999999996e-06; inf; 1; 8.9491074874179439; 3.7262634316272933; 0.013136; inf; 1; 6.1233322269977908; 0; 0.000117; 0.00014082500000000078; 1; 0.013401825000000001; 
inf; 1; 6.123332226997789; 1.1584935877739459e-15; 3.6000000000000001e-05; inf; 1; 6.123332226997789; 1.4802973701761192e-15; 0.012985999999999999; inf; 1; 6.123332226997789; 0; 0.00016200000000000001; 0.00040434600000000182; 1; 0.013588346000000001; 
inf; 1; 6.1233322269977908; 9.2679487596217496e-16; 1.9000000000000001e-05; inf; 1; 6.1233322269977899; 0; 0.014534; inf; 1; 6.1233322269977899; 0; 0.00010900000000000001; 0.00019318600000000109; 1; 0.014855186000000001; 
inf; 1; 6.1233322269977908; 9.6541132362752994e-16; 1.4e-05; inf; 1; 6.123332226997789; 1.1842378929335002e-15; 0.015324000000000001; inf; 1; 6.123332226997789; 0; 0.000108; 0.0002017809999999987; 1; 0.015647780999999999; 
inf; 1; 6.1233322269977881; 1.0040277784046924e-15; 1.1e-05; inf; 1; 6.123332226997789; 1.4802973701761192e-15; 0.023864; inf; 1; 6.123332226997789; 0; 0.000176; 0.00025388000000000114; 1; 0.024304880000000001; 
inf; 1; 6.1233322269977899; 7.7232906253402923e-16; 1.2e-05; inf; 1; 6.1233322269977908; 0; 0.017453; inf; 1; 6.1233322269977908; 0; 0.000117; 0.00018016500000000014; 1; 0.017762165; 
inf; 1; 6.1233322269977908; 9.6541132362752994e-16; 1.4e-05; inf; 1; 6.1233322269977899; 3.2566542057137635e-15; 0.024677999999999999; inf; 1; 6.123332226997789; 0; 0.000107; 0.00017704800000000216; 1; 0.024976048000000001; 
inf; 1; 6.1233322269977899; 7.7232906253402923e-16; 9.0000000000000002e-06; inf; 1; 6.1233322269977908; 0; 0.015556; inf; 1; 6.1233322269977908; 0; 0.00012999999999999999; 0.00016228800000000026; 1; 0.015857288000000001; 
inf; 1; 6.1233322269977908; 9.2679487596217496e-16; 1.1e-05; inf; 1; 6.1233322269977899; 0; 0.010966999999999999; inf; 1; 6.1233322269977899; 0; 0.000126; 0.00017322100000000115; 1; 0.011277221; 
inf; 1; 6.1233322269977881; 1.0040277784046924e-15; 7.9999999999999996e-06; inf; 1; 6.123332226997789; 0; 0.017946; inf; 1; 6.123332226997789; 0; 0.00012899999999999999; 0.00015310399999999937; 1; 0.018236104; 
inf; 1; 6.1233322269977881; 1.0040277784046924e-15; 1.0000000000000001e-05; inf; 1; 6.123332226997789; 0; 0.015424; inf; 1; 6.123332226997789; 0; 0.00011; 0.00018962500000000086; 1; 0.015733625000000001; 
inf; 1; 6.1233322269977899; 1.7377403826209498e-15; 1.2e-05; inf; 1; 6.1233322269977899; 0; 0.027504000000000001; inf; 1; 6.1233322269977908; 0; 0.00018699999999999999; 0.00018635400000000096; 1; 0.027889354000000002; 
inf; 1; 6.1233322269977899; 1.7377403826209498e-15; 1.1e-05; inf; 1; 6.1233322269977899; 0; 0.018591; inf; 1; 6.1233322269977908; 0; 0.00021100000000000001; 0.00033394700000000105; 1; 0.019146947000000001; 
inf; 1; 6.1233322269977908; 1.351575859603141e-15; 1.1e-05; inf; 1; 6.1233322269977899; 0; 0.02052; inf; 1; 6.1233322269977899; 0; 0.00018100000000000001; 0.00020385400000000103; 1; 0.020915854000000001; 
inf; 1; 6.1233322269977908; 9.2679487596217496e-16; 9.0000000000000002e-06; inf; 1; 6.1233322269977899; 0; 0.012408000000000001; inf; 1; 6.1233322269977899; 0; 0.00010900000000000001; 0.00016570699999999937; 1; 0.012691707; 
inf; 1; 6.1233322269977881; 1.0040277784046924e-15; 1.1e-05; inf; 1; 6.123332226997789; 0; 0.014947; inf; 1; 6.123332226997789; 0; 0.000112; 0.00017606399999999992; 1; 0.015246064; 
inf; 1; 6.1233322269977908; 9.2679487596217496e-16; 1.9000000000000001e-05; inf; 1; 6.1233322269977899; 0; 0.016098000000000001; inf; 1; 6.1233322269977899; 0; 0.00013799999999999999; 0.0001937589999999991; 1; 0.016448759; 
inf; 1; 6.123332226997789; 1.0812606872555606e-15; 7.9999999999999996e-06; inf; 1; 6.123332226997789; 1.1842378929335002e-15; 0.011188999999999999; inf; 1; 6.123332226997789; 0; 0.000108; 0.0001375610000000011; 1; 0.011442561; 
inf; 1; 6.1233322269977908; 9.6541132362752994e-16; 1.1e-05; inf; 1; 6.123332226997789; 1.1842378929335002e-15; 0.01804; inf; 1; 6.123332226997789; 0; 0.000117; 0.00016926199999999953; 1; 0.018337262; 
inf; 1; 6.1233322269977908; 9.6541132362752994e-16; 1.0000000000000001e-05; inf; 1; 6.123332226997789; 1.1842378929335002e-15; 0.020931000000000002; inf; 1; 6.123332226997789; 0; 0.000125; 0.00024225599999999942; 1; 0.021308256000000001; 
inf; 1; 6.1233322269977899; 7.7232906253402923e-16; 6.0000000000000002e-06; inf; 1; 6.1233322269977908; 0; 0.014461999999999999; inf; 1; 6.1233322269977908; 0; 0.000107; 0.00015522300000000145; 1; 0.014730223000000001; 
inf; 1; 6.1233322269977908; 8.495619692064634e-16; 7.9999999999999996e-06; inf; 1; 6.1233322269977908; 0; 0.020112999999999999; inf; 1; 6.1233322269977908; 0; 0.000106; 0.00015662600000000297; 1; 0.020383626000000002; 
inf; 1; 6.123332226997789; 1.0812606872555606e-15; 1.0000000000000001e-05; inf; 1; 6.123332226997789; 1.1842378929335002e-15; 0.013030999999999999; inf; 1; 6.123332226997789; 0; 0.00017200000000000001; 0.00020252000000000104; 1; 0.01341552; 
inf; 1; 6.123332226997789; 1.2743429445149462e-15; 1.1e-05; inf; 1; 6.1233322269977908; 0; 0.022828999999999999; inf; 1; 6.1233322269977908; 0; 0.000118; 0.00016539400000000338; 1; 0.023123394000000002; 
inf; 1; 6.1233322269977899; 7.7232906253402923e-16; 1.0000000000000001e-05; inf; 1; 6.1233322269977908; 0; 0.020042999999999998; inf; 1; 6.1233322269977908; 0; 0.00012; 0.00017158000000000269; 1; 0.020344580000000001; 
inf; 1; 6.1233322269977908; 1.351575859603141e-15; 2.5999999999999998e-05; inf; 1; 6.1233322269977908; 0; 0.02265; inf; 1; 6.1233322269977899; 0; 0.000224; 0.00061357500000000184; 1; 0.023513575000000002; 
inf; 1; 6.123332226997789; 1.0812606872555606e-15; 1.0000000000000001e-05; inf; 1; 6.123332226997789; 1.1842378929335002e-15; 0.017616; inf; 1; 6.123332226997789; 0; 0.000115; 0.00016639600000000279; 1; 0.017907396000000003; 
.
OMPL_RRTstarkConfigDefault
0 common properties
13 properties for each run
path_interpolate_clearance REAL
path_interpolate_correct BOOLEAN
path_interpolate_length REAL
path_interpolate_smoothness REAL
path_interpolate_time REAL
path_plan_clearance REAL
path_plan_correct BOOLEAN
path_plan_length REAL
path_plan_smoothness REAL
path_plan_time REAL
process_time REAL
solved BOOLEAN
total_time REAL
30 runs
inf; 1; 6.123332226997789; 7.7232906253402923e-16; 1.0000000000000001e-05; inf; 1; 6.1233322269977899; 0; 5.0009540000000001; 0.00014947500000024206; 1; 5.0011134750000004; 
inf; 1; 6.1233322269977881; 6.5647970135288346e-16; 1.0000000000000001e-05; inf; 1; 6.123332226997789; 0; 5.0017639999999997; 0.00012596500000012668; 1; 5.0018999649999998; 
inf; 1; 6.1233322269977881; 6.5647970135288346e-16; 7.9999999999999996e-06; inf; 1; 6.123332226997789; 0; 5.000991; 0.00010155100000042961; 1; 5.0011005510000004; 
inf; 1; 6.1233322269977908; 7.7232906218297055e-16; 1.4e-05; inf; 1; 6.1233322269977899; 0; 5.0017870000000002; 0.0001456309999998269; 1; 5.001946631; 
inf; 1; 6.123332226997789; 8.8817841703837315e-16; 1.2999999999999999e-05; inf; 1; 6.123332226997789; 0; 5.0016870000000004; 0.00011372199999919087; 1; 5.0018137219999996; 
inf; 1; 6.1233322269977899; 9.6541132812589782e-16; 9.0000000000000002e-06; inf; 1; 6.1233322269977899; 0; 5.0008840000000001; 0.00010154700000023842; 1; 5.0009945470000003; 
inf; 1; 6.123332226997789; 7.7232906253402923e-16; 1.1e-05; inf; 1; 6.1233322269977899; 0; 5.0012730000000003; 0.00011316299999973291; 1; 5.001397163; 
inf; 1; 6.1233322269977881; 6.5647970135288346e-16; 9.0000000000000002e-06; inf; 1; 6.123332226997789; 0; 5.0011869999999998; 0.00010279699999974701; 1; 5.0012987969999996; 
inf; 1; 6.1233322269977917; 7.7232906218297055e-16; 1.0000000000000001e-05; inf; 1; 6.1233322269977899; 0; 5.0011749999999999; 0.00012227500000034809; 1; 5.0013072750000003; 
inf; 1; 6.123332226997789; 8.8817841703837315e-16; 9.0000000000000002e-06; inf; 1; 6.123332226997789; 0; 5.0014329999999996; 0.00010158000000030432; 1; 5.0015435799999999; 
inf; 1; 6.1233322269977899; 9.6541132812589782e-16; 9.0000000000000002e-06; inf; 1; 6.1233322269977899; 0; 5.0020550000000004; 0.00010700099999942159; 1; 5.0021710009999998; 
inf; 1; 6.1233322269977881; 6.5647970135288346e-16; 1.2999999999999999e-05; inf; 1; 6.123332226997789; 0; 5.001271; 0.00012514799999956052; 1; 5.0014091479999996; 
inf; 1; 6.123332226997789; 8.109455146977519e-16; 1.0000000000000001e-05; inf; 1; 6.1233322269977899; 0; 5.0022209999999996; 0.00010966600000068439; 1; 5.0023406660000003; 
inf; 1; 6.123332226997789; 7.7232906253402923e-16; 1.0000000000000001e-05; inf; 1; 6.1233322269977899; 0; 5.0012340000000002; 0.00010749899999990987; 1; 5.0013514990000001; 
inf; 1; 6.123332226997789; 8.109455146977519e-16; 1.5e-05; inf; 1; 6.1233322269977899; 0; 5.001252; 0.00014224799999983218; 1; 5.0014092479999999; 
inf; 1; 6.123332226997789; 8.8817841703837315e-16; 1.2999999999999999e-05; inf; 1; 6.123332226997789; 0; 5.0014380000000003; 0.00011271899999969105; 1; 5.001563719; 
inf; 1; 6.1233322269977881; 6.5647970135288346e-16; 1.1e-05; inf; 1; 6.123332226997789; 0; 5.0012840000000001; 0.00012390999999987708; 1; 5.0014189099999999; 
inf; 1; 6.123332226997789; 8.109455146977519e-16; 1.0000000000000001e-05; inf; 1; 6.1233322269977899; 0; 5.0014640000000004; 0.00011717099999992598; 1; 5.0015911710000003; 
inf; 1; 6.123332226997789; 8.8817841703837315e-16; 1.0000000000000001e-05; inf; 1; 6.123332226997789; 0; 5.0007679999999999; 0.00011341600000009834; 1; 5.000891416; 
inf; 1; 6.123332226997789; 8.8817841703837315e-16; 9.0000000000000002e-06; inf; 1; 6.123332226997789; 0; 5.0015289999999997; 0.00010243600000007581; 1; 5.0016404359999997; 
inf; 1; 6.1233322269977899; 4.6339743758839025e-16; 1.0000000000000001e-05; inf; 1; 6.123332226997789; 1.1842378929335002e-15; 5.0023869999999997; 0.00012118100000042432; 1; 5.0025181810000001; 
inf; 1; 6.1233322269977899; 6.5647970344804014e-16; 9.0000000000000002e-06; inf; 1; 6.1233322269977899; 0; 5.0009370000000004; 0.00010565899999940632; 1; 5.0010516589999998; 
inf; 1; 6.123332226997789; 8.8817841703837315e-16; 1.0000000000000001e-05; inf; 1; 6.123332226997789; 0; 5.0016489999999996; 0.00011893600000030148; 1; 5.0017779359999999; 
inf; 1; 6.1233322269977881; 6.5647970135288346e-16; 1.1e-05; inf; 1; 6.123332226997789; 0; 5.0016470000000002; 0.00011763500000026562; 1; 5.0017756350000004; 
inf; 1; 6.123332226997789; 8.8817841703837315e-16; 1.2999999999999999e-05; inf; 1; 6.123332226997789; 0; 5.0018989999999999; 0.00011230399999999275; 1; 5.0020243039999999; 
inf; 1; 6.1233322269977881; 6.5647970135288346e-16; 1.2999999999999999e-05; inf; 1; 6.123332226997789; 0; 5.0013069999999997; 0.00011463100000068305; 1; 5.0014346310000004; 
inf; 1; 6.1233322269977881; 6.5647970135288346e-16; 9.0000000000000002e-06; inf; 1; 6.123332226997789; 0; 5.0014070000000004; 0.00011035899999926391; 1; 5.0015263589999996; 
inf; 1; 6.123332226997789; 8.8817841703837315e-16; 7.9999999999999996e-06; inf; 1; 6.123332226997789; 0; 5.0016920000000002; 0.000119836999999964; 1; 5.0018198370000002; 
inf; 1; 6.1233322269977899; 5.4063034303771699e-16; 1.1e-05; inf; 1; 6.1233322269977899; 0; 5.00108; 0.00013682900000032129; 1; 5.0012278290000003; 
inf; 1; 6.123332226997789; 8.8817841703837315e-16; 9.0000000000000002e-06; inf; 1; 6.123332226997789; 0; 5.0013690000000004; 0.00010861799999998601; 1; 5.0014866180000004; 
.
OMPL_BKPIECEkConfigDefault
0 common properties
18 properties for each run
path_interpolate_clearance REAL
path_interpolate_correct BOOLEAN
path_interpolate_length REAL
path_interpolate_smoothness REAL
path_interpolate_time REAL
path_plan_clearance REAL
path_plan_correct BOOLEAN
path_plan_length REAL
path_plan_smoothness REAL
path_plan_time REAL
path_simplify_clearance REAL
path_simplify_correct BOOLEAN
path_simplify_length REAL
path_simplify_smoothness REAL
path_simplify_time REAL
process_time REAL
solved BOOLEAN
total_time REAL
30 runs
inf; 1; 6.123332226997789; 1.5060416581679717e-15; 9.0000000000000002e-06; inf; 1; 9.0072744619578735; 0; 0.27560099999999998; inf; 1; 6.1233322269977899; 0; 0.00011900000000000001; 0.00023127500000004773; 1; 0.27596027500000003; 
inf; 1; 6.1233322269977908; 7.7232905629670287e-16; 1.5999999999999999e-05; inf; 1; 30.236389306744371; 7.5504383007462312; 0.40684700000000001; inf; 1; 6.1233322269977908; 0; 0.00016200000000000001; 0.00024980800000002945; 1; 0.40727480800000004; 
inf; 1; 6.123332226997789; 9.2679487579562039e-16; 1.2e-05; inf; 1; 11.62552584972013; 6.8622666483909995; 0.27146500000000001; inf; 1; 6.1233322269977908; 0; 0.000146; 0.00021519400000002113; 1; 0.27183819400000003; 
inf; 1; 6.123332226997789; 5.020138901031716e-16; 9.0000000000000002e-06; inf; 1; 80.787007828584194; 7.2529007631683644; 0.53093000000000001; inf; 1; 6.1233322269977908; 0; 0.00013300000000000001; 0.00026552300000002075; 1; 0.53133752300000003; 
inf; 1; 6.123332226997789; 1.5060416581679717e-15; 1.2e-05; inf; 1; 24.043821869910136; 8.4453383511588189; 0.242395; inf; 1; 6.1233322269977899; 0; 0.000108; 0.00022860000000000447; 1; 0.2427436; 
inf; 1; 6.123332226997789; 1.5060416581679717e-15; 1.2999999999999999e-05; inf; 1; 31.324216529627375; 6.782084261853357; 0.27290799999999998; inf; 1; 6.1233322269977899; 0; 0.00013799999999999999; 0.000238209000000057; 1; 0.27329720900000004; 
inf; 1; 6.123332226997789; 1.5060416581679717e-15; 1.2999999999999999e-05; inf; 1; 8.1446391500799358; 0; 0.222136; inf; 1; 6.1233322269977899; 0; 0.00014100000000000001; 0.00022422300000001085; 1; 0.22251422300000001; 
inf; 1; 6.123332226997789; 5.020138901031716e-16; 1.2999999999999999e-05; inf; 1; 11.050091671397279; 3.9847711969096951; 0.268982; inf; 1; 6.1233322269977908; 0; 0.000184; 0.00022218000000001899; 1; 0.26940118000000002; 
inf; 1; 6.1233322269977881; 1.0040277741355716e-15; 1.1e-05; inf; 1; 16.169392427608379; 6.5438041638865965; 0.28944799999999998; inf; 1; 6.123332226997789; 0; 0.000163; 0.00023900000000005221; 1; 0.28986100000000004; 
inf; 1; 6.1233322269977881; 1.0040277741355716e-15; 1.4e-05; inf; 1; 8.9945560592931422; 3.6516193138279802; 0.28575200000000001; inf; 1; 6.123332226997789; 0; 0.000154; 0.00018783200000000038; 1; 0.28610783200000001; 
inf; 1; 6.1233322269977908; 6.5647970353131753e-16; 1.4e-05; inf; 1; 25.980526780815964; 3.9431912443897521; 0.37948599999999999; inf; 1; 6.1233322269977899; 0; 0.00019799999999999999; 0.00025466000000000762; 1; 0.37995266; 
inf; 1; 6.123332226997789; 8.8817842145346345e-16; 9.0000000000000002e-06; inf; 1; 15.005905261231948; 0; 0.23413700000000001; inf; 1; 6.123332226997789; 0; 0.00012799999999999999; 0.00017290200000000079; 1; 0.23444690200000001; 
inf; 1; 6.1233322269977908; 7.7232905629670287e-16; 1.2999999999999999e-05; inf; 1; 8.6682994641214748; 3.4147087433673278; 0.26888200000000001; inf; 1; 6.1233322269977908; 0; 0.00018599999999999999; 0.00025381499999999535; 1; 0.26933481500000001; 
inf; 1; 6.1233322269977908; 3.4754807675830316e-16; 1.1e-05; inf; 1; 28.253055763561697; 8.7842861866672344; 0.35138799999999998; inf; 1; 6.1233322269977899; 0; 0.000118; 0.00018105500000003129; 1; 0.35169805500000001; 
inf; 1; 6.1233322269977908; 9.6541132812589782e-16; 7.9999999999999996e-06; inf; 1; 14.072456292891342; 7.90514826971053; 0.41770499999999999; inf; 1; 6.1233322269977899; 0; 0.00016200000000000001; 0.00019249100000002031; 1; 0.41806749100000001; 
inf; 1; 6.1233322269977908; 9.6541132812589782e-16; 1.2999999999999999e-05; inf; 1; 11.115006624461698; 5.6054906602248193; 0.30250100000000002; inf; 1; 6.1233322269977899; 0; 0.00015799999999999999; 0.0002093210000000168; 1; 0.30288132100000004; 
inf; 1; 6.1233322269977908; 6.5647970353131753e-16; 1.2e-05; inf; 1; 17.947205989641105; 2.6158390110112641; 0.30504199999999998; inf; 1; 6.1233322269977899; 0; 0.00015799999999999999; 0.00021114100000002928; 1; 0.30542314100000001; 
inf; 1; 6.123332226997789; 9.2679487579562039e-16; 1.5e-05; inf; 1; 115.74448904577652; 8.7084726665975882; 0.47467799999999999; inf; 1; 6.1233322269977908; 0; 0.000137; 0.00032379100000005874; 1; 0.47515379100000005; 
inf; 1; 6.1233322269977908; 6.5647970353131753e-16; 1.2e-05; inf; 1; 28.901929721207878; 4.1893946345241364; 0.33074300000000001; inf; 1; 6.1233322269977899; 0; 0.00013799999999999999; 0.00022179600000003533; 1; 0.33111479600000004; 
inf; 1; 6.123332226997789; 5.020138901031716e-16; 7.9999999999999996e-06; inf; 1; 30.158249605270925; 12.225735192085962; 0.37649199999999999; inf; 1; 6.1233322269977908; 0; 0.000118; 0.00017359100000004346; 1; 0.37679159100000004; 
inf; 1; 6.1233322269977908; 4.2478098343073738e-16; 1.2e-05; inf; 1; 18.070533275942044; 5.2585409584671492; 0.32500800000000002; inf; 1; 6.123332226997789; 0; 0.00013300000000000001; 0.00019390899999999835; 1; 0.32534690900000002; 
inf; 1; 6.123332226997789; 5.020138901031716e-16; 1.2e-05; inf; 1; 15.726800325525435; 8.359769356660065; 0.335171; inf; 1; 6.1233322269977908; 0; 0.00016100000000000001; 0.00020827300000001529; 1; 0.33555227300000001; 
inf; 1; 6.123332226997789; 9.2679487579562039e-16; 1.2e-05; inf; 1; 92.626699307097809; 7.1379494859506059; 0.45727600000000002; inf; 1; 6.1233322269977908; 0; 0.00013300000000000001; 0.00030543000000000166; 1; 0.45772643000000002; 
inf; 1; 6.123332226997789; 5.020138901031716e-16; 1.2e-05; inf; 1; 121.70301087685188; 6.7710999973953987; 0.62924000000000002; inf; 1; 6.1233322269977908; 0; 0.000137; 0.00036299400000001561; 1; 0.62975199400000004; 
inf; 1; 6.1233322269977908; 3.4754807675830316e-16; 1.2999999999999999e-05; inf; 1; 15.934768482407231; 2.1485078950597969; 0.28557399999999999; inf; 1; 6.1233322269977899; 0; 0.000173; 0.00023252300000000401; 1; 0.285992523; 
inf; 1; 6.1233322269977908; 3.4754807675830316e-16; 1.2e-05; inf; 1; 12.029479773230616; 5.7330372361293369; 0.26236700000000002; inf; 1; 6.1233322269977899; 0; 0.00015899999999999999; 0.00020701799999998; 1; 0.262745018; 
inf; 1; 6.1233322269977881; 1.0040277741355716e-15; 1.1e-05; inf; 1; 45.92766243084268; 8.2973306365975752; 0.43254799999999999; inf; 1; 6.123332226997789; 0; 0.00012; 0.00019746600000002725; 1; 0.43287646600000002; 
inf; 1; 6.123332226997789; 1.5060416581679717e-15; 1.1e-05; inf; 1; 15.340761670448686; 1.9709278433102597; 0.35216399999999998; inf; 1; 6.1233322269977899; 0; 0.000121; 0.00018492700000002238; 1; 0.352480927; 
inf; 1; 6.123332226997789; 8.8817842145346345e-16; 1.2e-05; inf; 1; 34.521314733360171; 3.6542785003331399; 0.32574900000000001; inf; 1; 6.123332226997789; 0; 0.00013100000000000001; 0.00022121100000000316; 1; 0.32611321100000001; 
inf; 1; 6.123332226997789; 5.020138901031716e-16; 7.9999999999999996e-06; inf; 1; 12.95473800032401; 9.677545792617595; 0.234129; inf; 1; 6.1233322269977908; 0; 0.00012400000000000001; 0.00018220300000001288; 1; 0.23444320300000002; 
.
