Experiment empty
Running on manisha-HP-Pavilion-15-Notebook-PC
Starting at 2017-02-18T13:30:40.555000
Goal name Motion Plan Request 0
5 seconds per run
176.738 seconds spent to collect the data
6 planners
OMPL_LBKPIECEkConfigDefault
0 common properties
18 properties for each run
path_interpolate_clearance REAL
path_interpolate_correct BOOLEAN
path_interpolate_length REAL
path_interpolate_smoothness REAL
path_interpolate_time REAL
path_plan_clearance REAL
path_plan_correct BOOLEAN
path_plan_length REAL
path_plan_smoothness REAL
path_plan_time REAL
path_simplify_clearance REAL
path_simplify_correct BOOLEAN
path_simplify_length REAL
path_simplify_smoothness REAL
path_simplify_time REAL
process_time REAL
solved BOOLEAN
total_time REAL
30 runs
inf; 1; 6.1233322269977899; 8.1094551461447452e-16; 5.3999999999999998e-05; inf; 1; 14.416933126151781; 8.2011974320161265; 0.451376; inf; 1; 6.1233322269977899; 0; 0.00018699999999999999; 0.00052085100000003558; 1; 0.45213785100000004; 
inf; 1; 6.123332226997789; 7.7232906236747446e-16; 1.2e-05; inf; 1; 39.745647104966487; 7.8102156217190446; 0.45760000000000001; inf; 1; 6.123332226997789; 0; 0.00014899999999999999; 0.00026227300000000178; 1; 0.45802327300000001; 
inf; 1; 6.1233322269977899; 6.5647970353131753e-16; 1.2e-05; inf; 1; 13.627160302481096; 8.4824712029822855; 0.26915600000000001; inf; 1; 6.1233322269977899; 0; 0.000146; 0.00023025100000000613; 1; 0.26954425100000001; 
inf; 1; 6.1233322269977899; 8.1094551461447452e-16; 1.2e-05; inf; 1; 20.047019285646655; 6.6970998363805281; 0.44895699999999999; inf; 1; 6.1233322269977899; 0; 0.000122; 0.00020267300000000957; 1; 0.449293673; 
inf; 1; 6.1233322269977899; 8.1094551461447452e-16; 1.1e-05; inf; 1; 33.489887048617; 6.7298067277992173; 0.35035100000000002; inf; 1; 6.1233322269977899; 0; 0.000135; 0.0002340199999999809; 1; 0.35073102; 
inf; 1; 6.1233322269977908; 6.5647970353131753e-16; 7.9999999999999996e-06; inf; 1; 58.537806220535934; 5.7785548591602431; 0.452017; inf; 1; 6.1233322269977899; 0; 0.000126; 0.00019747900000002339; 1; 0.45234847900000003; 
inf; 1; 6.1233322269977899; 8.1094551461447452e-16; 1.1e-05; inf; 1; 17.674605894389636; 11.50383917459995; 0.30644500000000002; inf; 1; 6.1233322269977899; 0; 0.00016899999999999999; 0.00022506899999998016; 1; 0.306850069; 
inf; 1; 6.1233322269977899; 8.1094551461447452e-16; 1.2e-05; inf; 1; 14.860685995928542; 3.2305374545251637; 0.37631900000000001; inf; 1; 6.1233322269977899; 0; 0.000154; 0.00022698100000001446; 1; 0.37671198100000003; 
inf; 1; 6.1233322269977899; 8.1094551461447452e-16; 1.1e-05; inf; 1; 37.506036907057307; 8.8943987085893355; 0.38848199999999999; inf; 1; 6.1233322269977899; 0; 0.00014999999999999999; 0.00020266500000001302; 1; 0.38884566500000001; 
inf; 1; 6.1233322269977908; 1.158493593634489e-15; 7.9999999999999996e-06; inf; 1; 24.932345165004616; 7.3484181792575844; 0.33580900000000002; inf; 1; 6.123332226997789; 0; 0.000174; 0.00024587700000002096; 1; 0.33623687700000005; 
inf; 1; 6.123332226997789; 7.7232906236747446e-16; 1.2e-05; inf; 1; 6.8339542536175326; 0; 0.40094000000000002; inf; 1; 6.123332226997789; 0; 0.00015300000000000001; 0.00022369800000002064; 1; 0.40132869800000004; 
inf; 1; 6.123332226997789; 8.1094551461447452e-16; 1.2e-05; inf; 1; 30.569553520906709; 8.5588813741651233; 0.40695700000000001; inf; 1; 6.1233322269977899; 0; 0.00018799999999999999; 0.00026993000000000725; 1; 0.40742693000000002; 
inf; 1; 6.1233322269977899; 8.1094551461447452e-16; 7.9999999999999996e-06; inf; 1; 99.937440385211033; 4.9313160199153359; 0.45291399999999998; inf; 1; 6.1233322269977899; 0; 0.00015300000000000001; 0.00031137600000005208; 1; 0.45338637600000004; 
inf; 1; 6.1233322269977899; 4.6339743785617155e-16; 1.9000000000000001e-05; inf; 1; 46.870882763754146; 8.3677914114005958; 0.40843099999999999; inf; 1; 6.1233322269977899; 0; 0.000127; 0.00023738200000004319; 1; 0.40881438200000003; 
inf; 1; 6.1233322269977899; 8.1094551461447452e-16; 1.0000000000000001e-05; inf; 1; 104.43947573781092; 7.0519214839549322; 0.64922400000000002; inf; 1; 6.1233322269977899; 0; 0.00014899999999999999; 0.00025349200000004203; 1; 0.64963649200000007; 
inf; 1; 6.1233322269977899; 8.1094551461447452e-16; 7.9999999999999996e-06; inf; 1; 13.099939417638055; 7.008216600990707; 0.472582; inf; 1; 6.1233322269977899; 0; 0.00014899999999999999; 0.00018679100000003771; 1; 0.47292579100000004; 
inf; 1; 6.1233322269977899; 6.5647970353131753e-16; 1.1e-05; inf; 1; 24.619460256291738; 6.9478159907029413; 0.32168099999999999; inf; 1; 6.1233322269977899; 0; 0.00011; 0.00024390599999999816; 1; 0.32204590599999999; 
inf; 1; 6.1233322269977899; 8.1094551461447452e-16; 7.9999999999999996e-06; inf; 1; 77.607158727916641; 7.6399761635852066; 0.48796499999999998; inf; 1; 6.1233322269977899; 0; 0.00015100000000000001; 0.00027421600000006958; 1; 0.48839821600000005; 
inf; 1; 6.1233322269977908; 1.158493593634489e-15; 1.1e-05; inf; 1; 64.877439729710844; 4.283552685754497; 0.38592500000000002; inf; 1; 6.123332226997789; 0; 0.000183; 0.00029034099999999925; 1; 0.38640934100000002; 
inf; 1; 6.1233322269977908; 1.158493593634489e-15; 1.0000000000000001e-05; inf; 1; 10.829716401332686; 5.9781703890624494; 0.25219399999999997; inf; 1; 6.123332226997789; 0; 0.000154; 0.00021317400000003565; 1; 0.25257117400000001; 
inf; 1; 6.123332226997789; 1.3515758533221407e-15; 1.1e-05; inf; 1; 22.630546199581055; 7.6945771398074356; 0.37393199999999999; inf; 1; 6.1233322269977899; 0; 0.00014999999999999999; 0.00029215000000001331; 1; 0.37438515; 
inf; 1; 6.1233322269977899; 8.1094551461447452e-16; 1.2999999999999999e-05; inf; 1; 129.41342859414323; 7.8983058427546862; 0.54543399999999997; inf; 1; 6.1233322269977899; 0; 0.00013999999999999999; 0.00031004600000002252; 1; 0.545897046; 
inf; 1; 6.1233322269977899; 8.1094551461447452e-16; 1.2999999999999999e-05; inf; 1; 9.9734244321102459; 5.1582497575191697; 0.39500099999999999; inf; 1; 6.1233322269977899; 0; 0.000125; 0.00020596600000002887; 1; 0.39534496600000002; 
inf; 1; 6.1233322269977899; 6.5647970353131753e-16; 1.1e-05; inf; 1; 42.624131206487178; 10.73625172820266; 0.37753100000000001; inf; 1; 6.1233322269977899; 0; 0.00013999999999999999; 0.00026810700000002967; 1; 0.37795010700000004; 
inf; 1; 6.1233322269977899; 6.5647970353131753e-16; 1.2e-05; inf; 1; 73.84319220868025; 2.7208585305908461; 0.48082200000000003; inf; 1; 6.1233322269977899; 0; 0.00015100000000000001; 0.00031360599999999053; 1; 0.48129860600000002; 
inf; 1; 6.1233322269977899; 8.1094551461447452e-16; 1.2999999999999999e-05; inf; 1; 13.946262283067757; 7.2595750441745608; 0.32922699999999999; inf; 1; 6.1233322269977899; 0; 0.000176; 0.00025108000000000937; 1; 0.32966708; 
inf; 1; 6.123332226997789; 8.1094551461447452e-16; 1.4e-05; inf; 1; 101.69310663285779; 5.6473546617681398; 0.40894999999999998; inf; 1; 6.1233322269977899; 0; 0.00012799999999999999; 0.00025349200000005282; 1; 0.40934549200000003; 
inf; 1; 6.1233322269977899; 4.6339743785617155e-16; 1.2999999999999999e-05; inf; 1; 23.701488674183821; 3.5948067013991771; 0.47191499999999997; inf; 1; 6.1233322269977899; 0; 0.00016000000000000001; 0.00026640200000003318; 1; 0.47235440200000001; 
inf; 1; 6.1233322269977908; 6.5647970353131753e-16; 1.1e-05; inf; 1; 44.019867211004666; 7.3445984049800472; 0.42029; inf; 1; 6.1233322269977899; 0; 0.00017000000000000001; 0.0002364420000000456; 1; 0.42070744200000004; 
inf; 1; 6.1233322269977908; 6.5647970353131753e-16; 1.2999999999999999e-05; inf; 1; 173.89617978621899; 10.708075040584102; 0.60050499999999996; inf; 1; 6.1233322269977899; 0; 0.00012799999999999999; 0.00036054200000007702; 1; 0.60100654200000003; 
.
OMPL_KPIECEkConfigDefault
0 common properties
18 properties for each run
path_interpolate_clearance REAL
path_interpolate_correct BOOLEAN
path_interpolate_length REAL
path_interpolate_smoothness REAL
path_interpolate_time REAL
path_plan_clearance REAL
path_plan_correct BOOLEAN
path_plan_length REAL
path_plan_smoothness REAL
path_plan_time REAL
path_simplify_clearance REAL
path_simplify_correct BOOLEAN
path_simplify_length REAL
path_simplify_smoothness REAL
path_simplify_time REAL
process_time REAL
solved BOOLEAN
total_time REAL
30 runs
inf; 1; 6.1233322269977899; 4.6339743793944893e-16; 1.0000000000000001e-05; inf; 1; 6.1233322269977908; 0; 0.036607000000000001; inf; 1; 6.1233322269977908; 0; 3.0000000000000001e-06; 0.0002288500000000018; 1; 0.036848850000000002; 
inf; 1; 6.123332226997789; 1.3515758514808865e-15; 1.1e-05; inf; 1; 6.1233322269977908; 0; 0.028471; inf; 1; 6.1233322269977908; 0; 3.0000000000000001e-06; 0.00014695000000000346; 1; 0.028631950000000003; 
inf; 1; 6.123332226997789; 1.0040277807496812e-15; 2.3e-05; inf; 1; 10.005628508052586; 4.5967148671434934; 0.047867; inf; 1; 6.1233322269977899; 0; 0.00013100000000000001; 0.00027645700000000209; 1; 0.048297457000000002; 
inf; 1; 6.1233322269977908; 7.7232906266098042e-16; 1.2999999999999999e-05; inf; 1; 11.919528416376926; 5.6749474697699922; 0.080154000000000003; inf; 1; 6.1233322269977908; 0; 0.000115; 0.00019669400000000038; 1; 0.080478694000000003; 
inf; 1; 6.1233322269977899; 4.6339743793944893e-16; 1.4e-05; inf; 1; 6.1233322269977908; 0; 0.044234000000000002; inf; 1; 6.1233322269977908; 0; 3.0000000000000001e-06; 0.00018490999999999961; 1; 0.044435910000000002; 
inf; 1; 6.123332226997789; 1.0040277807496812e-15; 1.4e-05; inf; 1; 6.1233322269977899; 0; 0.049126000000000003; inf; 1; 6.1233322269977899; 0; 3.0000000000000001e-06; 0.00017522199999999886; 1; 0.049318222000000002; 
inf; 1; 6.123332226997789; 1.3515758514808865e-15; 2.1999999999999999e-05; inf; 1; 15.506798062546842; 7.4398476742819; 0.068069000000000005; inf; 1; 6.1233322269977908; 0; 0.00020000000000000001; 0.00062136100000000083; 1; 0.068912361000000005; 
inf; 1; 6.123332226997789; 1.0040277807496812e-15; 4.0000000000000003e-05; inf; 1; 6.1233322269977899; 0; 0.032837999999999999; inf; 1; 6.1233322269977899; 0; 3.9999999999999998e-06; 0.00019162400000000373; 1; 0.033073624000000003; 
inf; 1; 6.123332226997789; 9.2679487382741479e-16; 9.0000000000000002e-06; inf; 1; 6.1233322269977899; 0; 0.035352000000000001; inf; 1; 6.1233322269977899; 0; 3.0000000000000001e-06; 0.00013704200000000201; 1; 0.035501042000000003; 
inf; 1; 6.123332226997789; 1.0040277807496812e-15; 1.2e-05; inf; 1; 6.1233322269977899; 0; 0.034216000000000003; inf; 1; 6.1233322269977899; 0; 3.0000000000000001e-06; 0.00016595900000000138; 1; 0.034396959000000005; 
inf; 1; 6.123332226997789; 1.0426442331236324e-15; 1.2e-05; inf; 1; 6.1233322269977899; 0; 0.043579; inf; 1; 6.1233322269977899; 0; 5.0000000000000004e-06; 0.00051568300000000603; 1; 0.044111683000000006; 
inf; 1; 6.123332226997789; 1.0040277807496812e-15; 1.4e-05; inf; 1; 6.1233322269977899; 0; 0.082627000000000006; inf; 1; 6.1233322269977899; 0; 3.9999999999999998e-06; 0.00022443300000000025; 1; 0.082869433000000006; 
inf; 1; 6.123332226997789; 9.2679487382741479e-16; 1.2e-05; inf; 1; 10.139658844311862; 4.6615376606510024; 0.051877; inf; 1; 6.1233322269977899; 0; 0.000107; 0.00018467300000000431; 1; 0.052180673000000004; 
inf; 1; 6.123332226997789; 1.0040277807496812e-15; 1.2e-05; inf; 1; 6.1233322269977899; 0; 0.030681; inf; 1; 6.1233322269977899; 0; 3.0000000000000001e-06; 0.00018020800000000228; 1; 0.030876208000000002; 
inf; 1; 6.1233322269977899; 4.6339743793944893e-16; 1.2e-05; inf; 1; 6.1233322269977908; 0; 0.027567999999999999; inf; 1; 6.1233322269977908; 0; 3.0000000000000001e-06; 0.0001902650000000031; 1; 0.027773265000000002; 
inf; 1; 6.1233322269977899; 4.6339743793944893e-16; 7.9999999999999996e-06; inf; 1; 6.1233322269977908; 0; 0.034458999999999997; inf; 1; 6.1233322269977908; 0; 3.0000000000000001e-06; 0.00013690500000000373; 1; 0.034606905; 
inf; 1; 6.123332226997789; 1.0040277807496812e-15; 3.1999999999999999e-05; inf; 1; 6.1233322269977899; 0; 0.034256000000000002; inf; 1; 6.1233322269977899; 0; 3.9999999999999998e-06; 0.00018170399999999914; 1; 0.034473704000000001; 
inf; 1; 6.123332226997789; 1.0040277807496812e-15; 1.1e-05; inf; 1; 17.542830684685541; 7.9501651421896185; 0.031081999999999999; inf; 1; 6.1233322269977899; 0; 0.000136; 0.00019467100000000173; 1; 0.031423671; 
inf; 1; 6.123332226997789; 1.0040277807496812e-15; 1.2999999999999999e-05; inf; 1; 6.1233322269977899; 0; 0.054031999999999997; inf; 1; 6.1233322269977899; 0; 3.9999999999999998e-06; 0.00020716500000000535; 1; 0.054256165000000002; 
inf; 1; 6.1233322269977899; 4.6339743793944893e-16; 3.6999999999999998e-05; inf; 1; 6.1233322269977908; 0; 0.041485000000000001; inf; 1; 6.1233322269977908; 0; 1.0000000000000001e-05; 0.00044931400000000464; 1; 0.041981314000000006; 
inf; 1; 6.123332226997789; 1.0040277807496812e-15; 1.2999999999999999e-05; inf; 1; 6.1233322269977899; 0; 0.071484000000000006; inf; 1; 6.1233322269977899; 0; 3.9999999999999998e-06; 0.00020196400000000207; 1; 0.071702964000000008; 
inf; 1; 6.1233322269977908; 7.7232906266098042e-16; 1.1e-05; inf; 1; 13.166342337389331; 0; 0.049916000000000002; inf; 1; 6.1233322269977908; 0; 0.000136; 0.00020187200000000008; 1; 0.050264872000000002; 
inf; 1; 6.1233322269977899; 4.6339743793944893e-16; 6.9999999999999999e-06; inf; 1; 6.1233322269977908; 0; 0.013355000000000001; inf; 1; 6.1233322269977908; 0; 1.9999999999999999e-06; 0.00015104600000000049; 1; 0.013515046000000001; 
inf; 1; 6.123332226997789; 1.0040277807496812e-15; 9.0000000000000002e-06; inf; 1; 6.1233322269977899; 0; 0.024341000000000002; inf; 1; 6.1233322269977899; 0; 3.0000000000000001e-06; 0.00013394000000000066; 1; 0.024486940000000002; 
inf; 1; 6.1233322269977899; 4.6339743793944893e-16; 1.2999999999999999e-05; inf; 1; 6.1233322269977908; 0; 0.052130999999999997; inf; 1; 6.1233322269977908; 0; 3.0000000000000001e-06; 0.00022619800000000598; 1; 0.052373198000000003; 
inf; 1; 6.1233322269977908; 7.7232906266098042e-16; 1.1e-05; inf; 1; 14.509556870446408; 8.3077593166971493; 0.037594000000000002; inf; 1; 6.1233322269977908; 0; 0.00011900000000000001; 0.0001966410000000025; 1; 0.037920641000000005; 
inf; 1; 6.1233322269977899; 4.6339743793944893e-16; 9.2e-05; inf; 1; 6.1233322269977908; 0; 0.058345000000000001; inf; 1; 6.1233322269977908; 0; 3.9999999999999998e-06; 0.00021784200000000167; 1; 0.058658842000000003; 
inf; 1; 6.123332226997789; 1.0040277807496812e-15; 1.2e-05; inf; 1; 6.1233322269977899; 0; 0.033964000000000001; inf; 1; 6.1233322269977899; 0; 1.2999999999999999e-05; 0.00018429100000000035; 1; 0.034173291000000001; 
inf; 1; 6.1233322269977908; 1.2357264960583876e-15; 9.0000000000000002e-06; inf; 1; 12.375265883644555; 6.0501654461083563; 0.042747; inf; 1; 6.1233322269977908; 0; 0.000134; 0.0002106740000000052; 1; 0.043100674000000005; 
inf; 1; 6.1233322269977908; 1.0812606872555606e-15; 1.0000000000000001e-05; inf; 1; 11.189583734477877; 5.358471330001005; 0.034636; inf; 1; 6.1233322269977908; 0; 0.000117; 0.00018068800000000041; 1; 0.034943688000000001; 
.
OMPL_RRTConnectkConfigDefault
0 common properties
18 properties for each run
path_interpolate_clearance REAL
path_interpolate_correct BOOLEAN
path_interpolate_length REAL
path_interpolate_smoothness REAL
path_interpolate_time REAL
path_plan_clearance REAL
path_plan_correct BOOLEAN
path_plan_length REAL
path_plan_smoothness REAL
path_plan_time REAL
path_simplify_clearance REAL
path_simplify_correct BOOLEAN
path_simplify_length REAL
path_simplify_smoothness REAL
path_simplify_time REAL
process_time REAL
solved BOOLEAN
total_time REAL
30 runs
inf; 1; 6.1233322269977908; 9.2679487399396956e-16; 1.2999999999999999e-05; inf; 1; 9.4323186180344987; 7.3523668168401004; 0.013847999999999999; inf; 1; 6.1233322269977899; 0; 0.00012400000000000001; 0.00020335000000000142; 1; 0.014188350000000001; 
inf; 1; 6.123332226997789; 2.7031517226430291e-16; 9.0000000000000002e-06; inf; 1; 6.1233322269977899; 0; 0.0024650000000000002; inf; 1; 6.1233322269977899; 0; 0.000103; 0.00015451299999999989; 1; 0.0027315130000000001; 
inf; 1; 6.1233322269977908; 7.7232906236747446e-16; 9.0000000000000002e-06; inf; 1; 9.3255574894661493; 3.9932280983632924; 0.00511; inf; 1; 6.1233322269977899; 0; 0.00012400000000000001; 0.00020799300000000036; 1; 0.0054509930000000003; 
inf; 1; 6.1233322269977899; 8.8817841940198068e-16; 7.9999999999999996e-06; inf; 1; 11.215824931053218; 4.5877850138349174; 0.0046119999999999998; inf; 1; 6.1233322269977899; 0; 0.00010900000000000001; 0.00014859400000000094; 1; 0.0048775940000000007; 
inf; 1; 6.1233322269977899; 7.7232906253402923e-16; 1.4e-05; inf; 1; 9.5438140408216015; 4.144512507461231; 0.0029429999999999999; inf; 1; 6.1233322269977899; 0; 0.000173; 0.00019650700000000039; 1; 0.0033265070000000002; 
inf; 1; 6.1233322269977908; 9.2679487399396956e-16; 6.0000000000000002e-06; inf; 1; 9.5938204104785392; 4.1789179891863375; 0.0025850000000000001; inf; 1; 6.1233322269977899; 0; 0.000103; 0.00013627699999999989; 1; 0.002830277; 
inf; 1; 6.1233322269977908; 7.7232906236747446e-16; 6.0000000000000002e-06; inf; 1; 10.120795806029694; 4.5380523830215616; 0.0024290000000000002; inf; 1; 6.1233322269977899; 0; 0.00010399999999999999; 0.00011807099999999985; 1; 0.002657071; 
inf; 1; 6.1233322269977899; 1.3515758576349356e-15; 6.0000000000000002e-06; inf; 1; 9.6901959818163057; 4.2450109583659072; 0.002843; inf; 1; 6.1233322269977908; 0; 0.000107; 0.00012940500000000022; 1; 0.0030854050000000003; 
inf; 1; 6.1233322269977899; 8.8817841940198068e-16; 6.0000000000000002e-06; inf; 1; 10.197328289207851; 4.589946301103633; 0.002555; inf; 1; 6.1233322269977899; 0; 0.00012999999999999999; 0.00011826700000000031; 1; 0.0028092670000000003; 
inf; 1; 6.123332226997789; 1.1971100419264593e-15; 1.2e-05; inf; 1; 10.480812079053699; 7.3371706919769011; 0.0062550000000000001; inf; 1; 6.1233322269977908; 0; 0.000166; 0.0002786489999999999; 1; 0.0067116490000000001; 
inf; 1; 6.123332226997789; 5.4063034452860582e-16; 9.0000000000000002e-06; inf; 1; 10.315464336230008; 4.6700472452464972; 0.0042960000000000003; inf; 1; 6.123332226997789; 0; 0.00011; 0.00014822000000000029; 1; 0.0045632200000000006; 
inf; 1; 6.123332226997789; 5.4063034452860582e-16; 7.9999999999999996e-06; inf; 1; 9.5111074988647335; 4.1219634274288124; 0.0029489999999999998; inf; 1; 6.123332226997789; 0; 0.000107; 0.00012951600000000061; 1; 0.0031935160000000004; 
inf; 1; 6.1233322269977899; 1.2743429463998745e-15; 1.1e-05; inf; 1; 10.200422410603869; 4.5920440799659845; 0.0025829999999999998; inf; 1; 6.1233322269977899; 0; 0.000106; 0.00014541800000000038; 1; 0.0028454180000000002; 
inf; 1; 6.1233322269977908; 7.7232906236747446e-16; 6.0000000000000002e-06; inf; 1; 8.1041771763370587; 2.9485738865138535; 0.0025010000000000002; inf; 1; 6.1233322269977899; 0; 0.000105; 0.00012908100000000005; 1; 0.0027410810000000002; 
inf; 1; 6.1233322269977908; 9.2679487399396956e-16; 1.2e-05; inf; 1; 10.138245554033897; 3.944724715466045; 0.011155; inf; 1; 6.1233322269977899; 0; 0.000137; 0.00063712700000000111; 1; 0.011941127000000001; 
inf; 1; 6.123332226997789; 1.1971100419264593e-15; 9.0000000000000002e-06; inf; 1; 9.3083484899717579; 3.9812092055722874; 0.0059129999999999999; inf; 1; 6.1233322269977908; 0; 0.00014100000000000001; 0.00016932700000000031; 1; 0.0062323270000000002; 
inf; 1; 6.123332226997789; 5.4063034452860582e-16; 1.1e-05; inf; 1; 10.5162665763843; 4.8063666370096501; 0.0030609999999999999; inf; 1; 6.123332226997789; 0; 0.000174; 0.00019106500000000008; 1; 0.003437065; 
inf; 1; 6.1233322269977899; 1.3515758576349356e-15; 7.9999999999999996e-06; inf; 1; 8.9704155339419653; 3.7416377187074175; 0.00296; inf; 1; 6.1233322269977908; 0; 0.000111; 0.00013676400000000035; 1; 0.0032157640000000003; 
inf; 1; 6.123332226997789; 5.4063034452860582e-16; 0.00022100000000000001; inf; 1; 10.886569962935585; 3.5438564538381687; 0.0026480000000000002; inf; 1; 6.123332226997789; 0; 0.00048999999999999998; 0.00019369699999999989; 1; 0.0035526970000000001; 
inf; 1; 6.123332226997789; 2.7031517226430291e-16; 1.1e-05; inf; 1; 10.539664474938514; 4.8222765200939328; 0.0038310000000000002; inf; 1; 6.1233322269977899; 0; 0.000156; 0.00018925499999999977; 1; 0.004187255; 
inf; 1; 6.1233322269977908; 7.7232906236747446e-16; 1.1e-05; inf; 1; 11.733658245993801; 7.0147076601062839; 0.0044799999999999996; inf; 1; 6.1233322269977899; 0; 0.000117; 0.00025192300000000074; 1; 0.0048599230000000004; 
inf; 1; 6.123332226997789; 1.1971100419264593e-15; 1.0000000000000001e-05; inf; 1; 9.9882474968554007; 6.3713643873771524; 0.0060860000000000003; inf; 1; 6.1233322269977908; 0; 0.000127; 0.00020520499999999994; 1; 0.0064282050000000002; 
inf; 1; 6.123332226997789; 2.7031517226430291e-16; 7.9999999999999996e-06; inf; 1; 12.167102494374895; 5.1582339241435937; 0.0032850000000000002; inf; 1; 6.1233322269977899; 0; 0.000112; 0.00014720300000000013; 1; 0.0035522030000000003; 
inf; 1; 6.1233322269977899; 8.8817841940198068e-16; 6.0000000000000002e-06; inf; 1; 10.811625441542596; 4.0616160357040609; 0.0026029999999999998; inf; 1; 6.1233322269977899; 0; 0.00010399999999999999; 0.00012696400000000054; 1; 0.0028399640000000004; 
inf; 1; 6.123332226997789; 1.1971100419264593e-15; 6.9999999999999999e-06; inf; 1; 10.599337998646259; 3.2533514910418693; 0.0038649999999999999; inf; 1; 6.1233322269977908; 0; 0.00011400000000000001; 0.00014848000000000031; 1; 0.0041344800000000003; 
inf; 1; 6.123332226997789; 2.7031517226430291e-16; 1.2999999999999999e-05; inf; 1; 7.7520487360541344; 2.3326602115405852; 0.008116; inf; 1; 6.1233322269977899; 0; 0.000173; 0.00026285700000000045; 1; 0.0085648570000000004; 
inf; 1; 6.1233322269977899; 7.7232906253402923e-16; 2.1999999999999999e-05; inf; 1; 10.53895995573189; 4.8217973664819302; 0.0043740000000000003; inf; 1; 6.1233322269977899; 0; 0.00017000000000000001; 0.00034251500000000016; 1; 0.0049085150000000004; 
inf; 1; 6.123332226997789; 2.7031517226430291e-16; 1.0000000000000001e-05; inf; 1; 9.6168523425049166; 4.1947375307726622; 0.003369; inf; 1; 6.1233322269977899; 0; 0.000135; 0.00015169000000000006; 1; 0.0036656900000000001; 
inf; 1; 6.123332226997789; 2.7031517226430291e-16; 1.0000000000000001e-05; inf; 1; 9.4187146339409757; 4.0580451899925967; 0.0028999999999999998; inf; 1; 6.1233322269977899; 0; 0.00010900000000000001; 0.00015994800000000022; 1; 0.003178948; 
inf; 1; 6.1233322269977908; 1.0426442349252832e-15; 9.0000000000000002e-06; inf; 1; 10.659851738228024; 4.1515506549593564; 0.0036510000000000002; inf; 1; 6.1233322269977899; 0; 0.00010900000000000001; 0.00015321799999999972; 1; 0.0039222179999999999; 
.
OMPL_RRTkConfigDefault
0 common properties
18 properties for each run
path_interpolate_clearance REAL
path_interpolate_correct BOOLEAN
path_interpolate_length REAL
path_interpolate_smoothness REAL
path_interpolate_time REAL
path_plan_clearance REAL
path_plan_correct BOOLEAN
path_plan_length REAL
path_plan_smoothness REAL
path_plan_time REAL
path_simplify_clearance REAL
path_simplify_correct BOOLEAN
path_simplify_length REAL
path_simplify_smoothness REAL
path_simplify_time REAL
process_time REAL
solved BOOLEAN
total_time REAL
30 runs
inf; 1; 6.1233322269977899; 6.1786325120103999e-16; 7.9999999999999996e-06; inf; 1; 6.1233322269977899; 2.0724162913424686e-15; 0.016094000000000001; inf; 1; 6.123332226997789; 0; 0.00011; 0.00016783000000000078; 1; 0.016379830000000001; 
inf; 1; 6.1233322269977881; 6.1786324902260593e-16; 2.5000000000000001e-05; inf; 1; 6.123332226997789; 0; 0.016840999999999998; inf; 1; 6.1233322269977899; 0; 0.00016799999999999999; 0.00028433400000000289; 1; 0.017318334000000001; 
inf; 1; 6.1233322269977872; 5.4063034235017176e-16; 1.2999999999999999e-05; inf; 1; 6.123332226997789; 8.8817841838233023e-16; 0.021711999999999999; inf; 1; 6.123332226997789; 0; 9.8999999999999994e-05; 0.0001885760000000038; 1; 0.022012576000000002; 
inf; 1; 6.1233322269977899; 6.1786324918916069e-16; 1.2999999999999999e-05; inf; 1; 6.1233322269977899; 0; 0.027511000000000001; inf; 1; 6.1233322269977899; 0; 0.00011900000000000001; 0.00017341800000000173; 1; 0.027816418000000002; 
inf; 1; 6.1233322269977899; 7.337126082355462e-16; 1.2999999999999999e-05; inf; 1; 6.123332226997789; 0; 0.018088; inf; 1; 6.1233322269977899; 0; 0.000122; 0.0001776840000000006; 1; 0.018400684; 
inf; 1; 6.123332226997789; 7.7232906236747446e-16; 1.2999999999999999e-05; inf; 1; 6.1233322269977899; 2.0724162913424686e-15; 0.016077999999999999; inf; 1; 6.123332226997789; 0; 0.00017699999999999999; 0.00020334500000000329; 1; 0.016471345000000002; 
inf; 1; 6.123332226997789; 7.3371260831882359e-16; 1.2e-05; inf; 1; 6.1233322269977899; 0; 0.025045999999999999; inf; 1; 6.1233322269977899; 0; 0.000108; 0.00020037600000000417; 1; 0.025366376000000003; 
inf; 1; 6.1233322269977899; 6.1786324918916069e-16; 7.9999999999999996e-06; inf; 1; 6.123332226997789; 0; 0.017014999999999999; inf; 1; 6.1233322269977899; 0; 0.00011; 0.00014050700000000155; 1; 0.017273507; 
inf; 1; 6.1233322269977899; 6.1786324918916069e-16; 7.9999999999999996e-06; inf; 1; 6.123332226997789; 0; 0.013937; inf; 1; 6.1233322269977899; 0; 0.000113; 0.00016844000000000193; 1; 0.014226440000000002; 
inf; 1; 6.123332226997789; 1.5446581171560325e-15; 9.0000000000000002e-06; inf; 1; 6.1233322269977899; 0; 0.013099; inf; 1; 6.1233322269977899; 0; 0.000125; 0.00016504400000000178; 1; 0.013398044000000001; 
inf; 1; 6.1233322269977872; 5.4063034235017176e-16; 3.6000000000000001e-05; inf; 1; 6.123332226997789; 5.9211895115532943e-16; 0.022919999999999999; inf; 1; 6.123332226997789; 0; 0.00029500000000000001; 0.00052757400000000081; 1; 0.023778574; 
inf; 1; 6.1233322269977899; 7.337126082355462e-16; 1.2999999999999999e-05; inf; 1; 6.123332226997789; 0; 0.015402000000000001; inf; 1; 6.1233322269977899; 0; 0.000112; 0.00017081699999999856; 1; 0.015697816999999999; 
inf; 1; 6.1233322269977899; 6.1786324918916069e-16; 1.1e-05; inf; 1; 6.123332226997789; 0; 0.017703; inf; 1; 6.1233322269977899; 0; 0.00012300000000000001; 0.00017498799999999962; 1; 0.018011988; 
inf; 1; 6.123332226997789; 7.7232906236747446e-16; 6.9999999999999999e-06; inf; 1; 6.123332226997789; 0; 0.010964; inf; 1; 6.123332226997789; 0; 0.000108; 0.00014389700000000098; 1; 0.011222897000000001; 
inf; 1; 6.1233322269977899; 6.1786324918916069e-16; 1.0000000000000001e-05; inf; 1; 6.123332226997789; 0; 0.016736000000000001; inf; 1; 6.1233322269977899; 0; 0.00012899999999999999; 0.00019641600000000158; 1; 0.017071416000000002; 
inf; 1; 6.1233322269977881; 6.1786324902260593e-16; 1.9000000000000001e-05; inf; 1; 6.123332226997789; 0; 0.014508; inf; 1; 6.1233322269977899; 0; 0.000121; 0.0001738520000000016; 1; 0.014821852000000002; 
inf; 1; 6.1233322269977899; 6.1786324918916069e-16; 1.1e-05; inf; 1; 6.1233322269977899; 0; 0.018061000000000001; inf; 1; 6.1233322269977899; 0; 0.00012899999999999999; 0.0001665369999999991; 1; 0.018367537; 
inf; 1; 6.1233322269977881; 6.1786324902260593e-16; 7.9999999999999996e-06; inf; 1; 6.123332226997789; 0; 0.017148; inf; 1; 6.1233322269977899; 0; 0.00011400000000000001; 0.00016699900000000158; 1; 0.017436999000000002; 
inf; 1; 6.1233322269977908; 8.1094551072213699e-16; 1.2999999999999999e-05; inf; 1; 6.1233322269977908; 0; 0.017350999999999998; inf; 1; 6.1233322269977908; 0; 0.000111; 0.00017646200000000136; 1; 0.017651462; 
inf; 1; 6.123332226997789; 1.5446581171560325e-15; 1.1e-05; inf; 1; 7.37710992811685; 1.8666680653185219; 0.020062; inf; 1; 6.1233322269977899; 0; 0.00011400000000000001; 0.00016057499999999972; 1; 0.020347575; 
inf; 1; 6.1233322269977872; 5.4063034235017176e-16; 1.0000000000000001e-05; inf; 1; 6.123332226997789; 0; 0.011176; inf; 1; 6.123332226997789; 0; 0.000116; 0.00016114100000000117; 1; 0.011463141000000001; 
inf; 1; 6.1233322269977899; 7.337126082355462e-16; 7.9999999999999996e-06; inf; 1; 6.1233322269977899; 0; 0.014952999999999999; inf; 1; 6.1233322269977899; 0; 0.000112; 0.00015361500000000134; 1; 0.015226615000000001; 
inf; 1; 6.1233322269977899; 6.1786325120103999e-16; 6.9999999999999999e-06; inf; 1; 6.1233322269977899; 2.0724162913424686e-15; 0.015565000000000001; inf; 1; 6.123332226997789; 0; 0.000117; 0.00014568400000000093; 1; 0.015834684000000002; 
inf; 1; 6.1233322269977908; 1.042644234798332e-15; 1.1e-05; inf; 1; 6.1233322269977899; 3.8487731459850252e-15; 0.016039000000000001; inf; 1; 6.123332226997789; 0; 0.000122; 0.00017601599999999878; 1; 0.016348016; 
inf; 1; 6.1233322269977872; 5.4063034235017176e-16; 1.2999999999999999e-05; inf; 1; 6.123332226997789; 0; 0.018272; inf; 1; 6.123332226997789; 0; 0.00012899999999999999; 0.00023378700000000244; 1; 0.018647787000000002; 
inf; 1; 6.1233322269977908; 8.1094551072213699e-16; 1.1e-05; inf; 1; 6.1233322269977908; 0; 0.020892000000000001; inf; 1; 6.1233322269977908; 0; 0.00012300000000000001; 0.00017450300000000163; 1; 0.021200503000000002; 
inf; 1; 6.123332226997789; 1.5446581171560325e-15; 1.2e-05; inf; 1; 6.1233322269977899; 0; 0.015082999999999999; inf; 1; 6.1233322269977899; 0; 0.000134; 0.00022966000000000162; 1; 0.015458660000000001; 
inf; 1; 6.1233322269977881; 6.1786324902260593e-16; 1.4e-05; inf; 1; 6.123332226997789; 0; 0.018574; inf; 1; 6.1233322269977899; 0; 0.00013899999999999999; 0.00021080500000000179; 1; 0.018937805000000002; 
inf; 1; 6.1233322269977899; 6.1786325120103999e-16; 1.0000000000000001e-05; inf; 1; 6.123332226997789; 1.4802973701761192e-15; 0.01362; inf; 1; 6.123332226997789; 0; 0.00014100000000000001; 0.00018249099999999998; 1; 0.013953491; 
inf; 1; 6.123332226997789; 7.7232906236747446e-16; 2.1999999999999999e-05; inf; 1; 6.1233322269977899; 3.2566542057137635e-15; 0.023524; inf; 1; 6.123332226997789; 0; 0.00023000000000000001; 0.00047003400000000339; 1; 0.024246034000000003; 
.
OMPL_RRTstarkConfigDefault
0 common properties
13 properties for each run
path_interpolate_clearance REAL
path_interpolate_correct BOOLEAN
path_interpolate_length REAL
path_interpolate_smoothness REAL
path_interpolate_time REAL
path_plan_clearance REAL
path_plan_correct BOOLEAN
path_plan_length REAL
path_plan_smoothness REAL
path_plan_time REAL
process_time REAL
solved BOOLEAN
total_time REAL
30 runs
inf; 1; 6.123332226997789; 3.8616453118373728e-16; 9.0000000000000002e-06; inf; 1; 6.123332226997789; 0; 5.0013909999999999; 0.00013518100000046507; 1; 5.0015351810000004; 
inf; 1; 6.1233322269977899; 8.1094551461447452e-16; 1.0000000000000001e-05; inf; 1; 6.123332226997789; 0; 5.0017180000000003; 0.00014879799999929389; 1; 5.0018767979999996; 
inf; 1; 6.123332226997789; 5.020138898353904e-16; 1.4e-05; inf; 1; 6.123332226997789; 0; 5.0012790000000003; 0.00012818299999946283; 1; 5.0014211829999997; 
inf; 1; 6.1233322269977908; 1.1198771415977174e-15; 9.0000000000000002e-06; inf; 1; 6.123332226997789; 0; 5.0013560000000004; 0.0001015319999998855; 1; 5.0014665320000002; 
inf; 1; 6.1233322269977908; 1.1198771415977174e-15; 9.0000000000000002e-06; inf; 1; 6.123332226997789; 0; 5.0014060000000002; 0.00011114799999970904; 1; 5.0015261479999999; 
inf; 1; 6.1233322269977899; 8.1094551461447452e-16; 1.2999999999999999e-05; inf; 1; 6.123332226997789; 0; 5.0016119999999997; 0.00011194000000007332; 1; 5.0017369399999998; 
inf; 1; 6.1233322269977908; 1.1198771415977174e-15; 1.0000000000000001e-05; inf; 1; 6.123332226997789; 0; 5.0007529999999996; 0.00011556000000074619; 1; 5.0008785600000003; 
inf; 1; 6.1233322269977908; 1.1198771415977174e-15; 9.0000000000000002e-06; inf; 1; 6.123332226997789; 0; 5.0012319999999999; 0.00010134999999992578; 1; 5.0013423499999998; 
inf; 1; 6.1233322269977908; 1.0040277802896205e-15; 9.0000000000000002e-06; inf; 1; 6.1233322269977899; 0; 5.0015929999999997; 0.00010937400000036524; 1; 5.0017113740000001; 
inf; 1; 6.1233322269977908; 1.1198771415977174e-15; 1.0000000000000001e-05; inf; 1; 6.123332226997789; 0; 5.0011580000000002; 0.00012723399999943098; 1; 5.0012952339999996; 
inf; 1; 6.1233322269977899; 8.1094551461447452e-16; 1.0000000000000001e-05; inf; 1; 6.123332226997789; 0; 5.0013180000000004; 0.00010562899999972842; 1; 5.0014336290000001; 
inf; 1; 6.1233322269977899; 5.7924679685888326e-16; 1.4e-05; inf; 1; 6.1233322269977899; 0; 5.000966; 0.00011609799999963434; 1; 5.0010960979999997; 
inf; 1; 6.1233322269977899; 8.1094551461447452e-16; 9.0000000000000002e-06; inf; 1; 6.123332226997789; 0; 5.0025230000000001; 0.00010905499999972824; 1; 5.0026410549999998; 
inf; 1; 6.1233322269977899; 8.1094551461447452e-16; 1.0000000000000001e-05; inf; 1; 6.123332226997789; 0; 5.0017019999999999; 0.00011224299999985533; 1; 5.0018242429999997; 
inf; 1; 6.123332226997789; 3.8616453118373728e-16; 9.0000000000000002e-06; inf; 1; 6.123332226997789; 0; 5.00162; 0.00010699399999973059; 1; 5.0017359939999997; 
inf; 1; 6.1233322269977908; 1.1198771415977174e-15; 1.2999999999999999e-05; inf; 1; 6.123332226997789; 0; 5.0013589999999999; 0.00011720799999985399; 1; 5.0014892079999997; 
inf; 1; 6.1233322269977908; 1.1198771415977174e-15; 9.0000000000000002e-06; inf; 1; 6.123332226997789; 0; 5.0006449999999996; 0.00010044300000037543; 1; 5.0007544429999999; 
inf; 1; 6.1233322269977908; 1.1198771415977174e-15; 1.2999999999999999e-05; inf; 1; 6.123332226997789; 0; 5.0018390000000004; 0.00012579399999972009; 1; 5.0019777940000001; 
inf; 1; 6.1233322269977908; 1.1198771415977174e-15; 1.1e-05; inf; 1; 6.123332226997789; 0; 5.0015530000000004; 0.0001220299999997564; 1; 5.0016860300000001; 
inf; 1; 6.123332226997789; 3.8616453118373728e-16; 9.0000000000000002e-06; inf; 1; 6.123332226997789; 0; 5.0016949999999998; 0.00011426199999979081; 1; 5.0018182619999996; 
inf; 1; 6.123332226997789; 8.4956196928974079e-16; 9.0000000000000002e-06; inf; 1; 6.1233322269977899; 0; 5.0013540000000001; 0.0001128009999996994; 1; 5.0014758009999998; 
inf; 1; 6.1233322269977899; 8.1094551461447452e-16; 1.2e-05; inf; 1; 6.123332226997789; 0; 5.0018859999999998; 0.00011203599999988302; 1; 5.0020100359999997; 
inf; 1; 6.1233322269977908; 1.1198771415977174e-15; 1.0000000000000001e-05; inf; 1; 6.123332226997789; 0; 5.0013920000000001; 0.00011829499999966743; 1; 5.0015202949999997; 
inf; 1; 6.1233322269977908; 1.1198771415977174e-15; 1.1e-05; inf; 1; 6.123332226997789; 0; 5.0017110000000002; 0.00012027400000012557; 1; 5.0018422740000004; 
inf; 1; 6.123332226997789; 3.8616453118373728e-16; 9.0000000000000002e-06; inf; 1; 6.123332226997789; 0; 5.0015910000000003; 0.00011129899999976834; 1; 5.0017112990000001; 
inf; 1; 6.123332226997789; 3.8616453118373728e-16; 1.0000000000000001e-05; inf; 1; 6.123332226997789; 0; 5.0012080000000001; 0.00010649899999977009; 1; 5.0013244989999999; 
inf; 1; 6.1233322269977899; 8.1094551461447452e-16; 1.2999999999999999e-05; inf; 1; 6.123332226997789; 0; 5.0016590000000001; 0.00011309499999971518; 1; 5.0017850949999998; 
inf; 1; 6.123332226997789; 3.8616453118373728e-16; 9.0000000000000002e-06; inf; 1; 6.123332226997789; 0; 5.0009040000000002; 0.00010864899999988643; 1; 5.0010216490000001; 
inf; 1; 6.1233322269977899; 8.1094551461447452e-16; 1.0000000000000001e-05; inf; 1; 6.123332226997789; 0; 5.0018010000000004; 0.00014104199999971257; 1; 5.0019520420000001; 
inf; 1; 6.1233322269977908; 1.0040277802896205e-15; 9.0000000000000002e-06; inf; 1; 6.1233322269977899; 0; 5.0012379999999999; 0.00011283499999984804; 1; 5.0013598349999997; 
.
OMPL_BKPIECEkConfigDefault
0 common properties
18 properties for each run
path_interpolate_clearance REAL
path_interpolate_correct BOOLEAN
path_interpolate_length REAL
path_interpolate_smoothness REAL
path_interpolate_time REAL
path_plan_clearance REAL
path_plan_correct BOOLEAN
path_plan_length REAL
path_plan_smoothness REAL
path_plan_time REAL
path_simplify_clearance REAL
path_simplify_correct BOOLEAN
path_simplify_length REAL
path_simplify_smoothness REAL
path_simplify_time REAL
process_time REAL
solved BOOLEAN
total_time REAL
30 runs
inf; 1; 6.123332226997789; 8.4956196903990873e-16; 1.2999999999999999e-05; inf; 1; 102.83571515523943; 7.2596675687739713; 0.47685; inf; 1; 6.1233322269977908; 0; 0.000136; 0.00035924500000001828; 1; 0.47735824500000001; 
inf; 1; 6.1233322269977899; 8.8817841948525806e-16; 1.2999999999999999e-05; inf; 1; 54.720630481104216; 8.2597712629195037; 0.37474400000000002; inf; 1; 6.1233322269977908; 0; 0.00014100000000000001; 0.00024605599999998198; 1; 0.375144056; 
inf; 1; 6.1233322269977908; 1.1971100460480438e-15; 1.5e-05; inf; 1; 18.549804674306976; 8.7851932877543142; 0.44352799999999998; inf; 1; 6.1233322269977908; 0; 0.00011; 0.00022642100000007389; 1; 0.44387942100000005; 
inf; 1; 6.123332226997789; 5.0201389018644899e-16; 7.9999999999999996e-06; inf; 1; 42.577309024968322; 9.476487365792579; 0.34203600000000001; inf; 1; 6.123332226997789; 0; 0.00011900000000000001; 0.00019657799999999102; 1; 0.342359578; 
inf; 1; 6.1233322269977908; 1.1971100460480438e-15; 1.1e-05; inf; 1; 82.207959501466561; 6.0970792130696339; 0.45063799999999998; inf; 1; 6.1233322269977908; 0; 0.00013899999999999999; 0.00029496000000004975; 1; 0.45108296000000003; 
inf; 1; 6.1233322269977881; 1.2743429445982237e-15; 1.4e-05; inf; 1; 55.673630762884642; 10.739310534934905; 0.43203999999999998; inf; 1; 6.123332226997789; 0; 0.000147; 0.00025606200000002357; 1; 0.432457062; 
inf; 1; 6.1233322269977908; 7.7232905803566144e-16; 1.2e-05; inf; 1; 19.819684528021394; 8.6807157287880266; 0.28360000000000002; inf; 1; 6.1233322269977899; 0; 0.000125; 0.00022006499999998976; 1; 0.28395706500000001; 
inf; 1; 6.1233322269977881; 1.0040277805831264e-15; 1.0000000000000001e-05; inf; 1; 47.176187627582785; 5.5200171186469191; 0.39684199999999997; inf; 1; 6.123332226997789; 0; 0.000126; 0.00021098300000007842; 1; 0.39718898300000005; 
inf; 1; 6.123332226997789; 9.267948697248488e-16; 9.0000000000000002e-06; inf; 1; 67.636103939821467; 10.89496452137146; 0.51577499999999998; inf; 1; 6.1233322269977899; 0; 0.000144; 0.00027553300000000868; 1; 0.51620353299999999; 
inf; 1; 6.1233322269977908; 7.7232905803566144e-16; 1.4e-05; inf; 1; 82.067174245119162; 12.329697817659918; 0.42900500000000003; inf; 1; 6.1233322269977899; 0; 0.00014100000000000001; 0.00021950500000002496; 1; 0.42937950500000005; 
inf; 1; 6.1233322269977908; 7.7232905803566144e-16; 1.0000000000000001e-05; inf; 1; 37.008248893688716; 8.2090906626086415; 0.35871199999999998; inf; 1; 6.1233322269977899; 0; 0.00016899999999999999; 0.00019817500000006289; 1; 0.35908917500000004; 
inf; 1; 6.1233322269977908; 7.7232905803566144e-16; 1.1e-05; inf; 1; 104.61900196650139; 9.6231879327197749; 0.54041899999999998; inf; 1; 6.1233322269977899; 0; 0.000126; 0.00025582100000004314; 1; 0.54081182100000003; 
inf; 1; 6.1233322269977908; 7.7232905803566144e-16; 1.2999999999999999e-05; inf; 1; 10.802018442138259; 0; 0.30814999999999998; inf; 1; 6.1233322269977899; 0; 0.00015699999999999999; 0.00022680100000005771; 1; 0.30854680100000004; 
inf; 1; 6.1233322269977908; 7.7232905803566144e-16; 1.2e-05; inf; 1; 11.601481177041439; 5.7745747545369044; 0.347497; inf; 1; 6.1233322269977899; 0; 0.00012899999999999999; 0.00021585600000001651; 1; 0.34785385600000002; 
inf; 1; 6.1233322269977908; 1.6605074776668889e-15; 1.2e-05; inf; 1; 33.716235998216774; 4.2681878083392135; 0.39514700000000003; inf; 1; 6.1233322269977899; 0; 0.000156; 0.00024586599999998495; 1; 0.39556086600000001; 
inf; 1; 6.123332226997789; 9.267948697248488e-16; 1.2999999999999999e-05; inf; 1; 142.07121031749125; 9.2988148368684271; 0.66714499999999999; inf; 1; 6.1233322269977899; 0; 0.000136; 0.00032660300000004664; 1; 0.66762060300000003; 
inf; 1; 6.1233322269977908; 1.1971100460480438e-15; 1.2999999999999999e-05; inf; 1; 21.049156781709947; 6.7437546247555051; 0.218721; inf; 1; 6.1233322269977908; 0; 0.000112; 0.00022835400000002792; 1; 0.21907435400000003; 
inf; 1; 6.123332226997789; 8.4956196903990873e-16; 1.2999999999999999e-05; inf; 1; 50.142970506542582; 4.3640270049137619; 0.41627399999999998; inf; 1; 6.1233322269977908; 0; 0.00016899999999999999; 0.00024872500000007621; 1; 0.41670472500000005; 
inf; 1; 6.1233322269977881; 1.2743429445982237e-15; 7.9999999999999996e-06; inf; 1; 171.37021563965945; 8.404196356207315; 0.54260799999999998; inf; 1; 6.123332226997789; 0; 0.000113; 0.00038233900000010261; 1; 0.54311133900000008; 
inf; 1; 6.123332226997789; 5.0201389018644899e-16; 1.2999999999999999e-05; inf; 1; 36.49971948083747; 6.7810556183723243; 0.38294099999999998; inf; 1; 6.123332226997789; 0; 0.000122; 0.0002399520000000395; 1; 0.38331595200000002; 
inf; 1; 6.1233322269977908; 1.6605074776668889e-15; 1.1e-05; inf; 1; 31.919938886824205; 11.703186970133194; 0.40295700000000001; inf; 1; 6.1233322269977899; 0; 0.000134; 0.00019762000000001569; 1; 0.40329962000000003; 
inf; 1; 6.1233322269977908; 1.6605074776668889e-15; 1.2e-05; inf; 1; 17.1391690515024; 8.11090941348915; 0.350325; inf; 1; 6.1233322269977899; 0; 0.00016000000000000001; 0.0002274210000000109; 1; 0.35072442100000001; 
inf; 1; 6.1233322269977881; 1.0040277805831264e-15; 1.4e-05; inf; 1; 25.442731765976507; 11.503142619214405; 0.28969099999999998; inf; 1; 6.123332226997789; 0; 0.00015300000000000001; 0.0002186770000000287; 1; 0.290076677; 
inf; 1; 6.1233322269977908; 7.7232905803566144e-16; 1.4e-05; inf; 1; 15.741962829448786; 7.7088037665236806; 0.259515; inf; 1; 6.1233322269977899; 0; 0.000183; 0.00023388099999999408; 1; 0.25994588099999999; 
inf; 1; 6.1233322269977908; 1.1971100460480438e-15; 1.2999999999999999e-05; inf; 1; 37.103905762976154; 6.0017609845223081; 0.37967299999999998; inf; 1; 6.1233322269977908; 0; 0.000134; 0.00032702800000001522; 1; 0.380147028; 
inf; 1; 6.1233322269977881; 1.0040277805831264e-15; 1.2999999999999999e-05; inf; 1; 83.611233948439406; 8.3372790186905661; 0.50096600000000002; inf; 1; 6.123332226997789; 0; 0.00014300000000000001; 0.0003033830000000354; 1; 0.50142538300000006; 
inf; 1; 6.123332226997789; 5.0201389018644899e-16; 1.2999999999999999e-05; inf; 1; 36.961019483015043; 10.828029206211479; 0.41207700000000003; inf; 1; 6.123332226997789; 0; 0.00014200000000000001; 0.00023916999999997151; 1; 0.41247117; 
inf; 1; 6.1233322269977908; 1.6605074776668889e-15; 7.9999999999999996e-06; inf; 1; 66.985916328886745; 9.7164144721403805; 0.40282699999999999; inf; 1; 6.1233322269977899; 0; 0.00017699999999999999; 0.00020815000000000877; 1; 0.40322015; 
inf; 1; 6.123332226997789; 8.4956196903990873e-16; 1.2e-05; inf; 1; 22.013299080505192; 8.5192537345975055; 0.291937; inf; 1; 6.1233322269977908; 0; 0.000135; 0.00018991600000002043; 1; 0.29227391600000002; 
inf; 1; 6.1233322269977899; 8.8817841948525806e-16; 7.9999999999999996e-06; inf; 1; 30.118533497932145; 10.46547036453023; 0.403918; inf; 1; 6.1233322269977908; 0; 0.00013300000000000001; 0.00019614900000003655; 1; 0.40425514900000004; 
.
